0 verbose cli C:\Program Files\nodejs\node.exe C:\Program Files\nodejs\node_modules\npm\bin\npm-cli.js
1 info using npm@9.8.0
2 info using node@v20.5.1
3 timing npm:load:whichnode Completed in 5ms
4 timing config:load:defaults Completed in 7ms
5 timing config:load:file:C:\Program Files\nodejs\node_modules\npm\npmrc Completed in 3ms
6 timing config:load:builtin Completed in 4ms
7 timing config:load:cli Completed in 3ms
8 timing config:load:env Completed in 1ms
9 timing config:load:project Completed in 1ms
10 timing config:load:file:C:\Users\pauma\.npmrc Completed in 0ms
11 timing config:load:user Completed in 0ms
12 timing config:load:file:C:\Users\pauma\AppData\Roaming\npm\etc\npmrc Completed in 1ms
13 timing config:load:global Completed in 1ms
14 timing config:load:setEnvs Completed in 3ms
15 timing config:load Completed in 21ms
16 timing npm:load:configload Completed in 21ms
17 timing config:load:flatten Completed in 3ms
18 timing npm:load:mkdirpcache Completed in 0ms
19 timing npm:load:mkdirplogs Completed in 0ms
20 verbose title npm install npm@10.8.3
21 verbose argv "install" "--global" "npm@10.8.3"
22 timing npm:load:setTitle Completed in 2ms
23 timing npm:load:display Completed in 0ms
24 verbose logfile logs-max:10 dir:C:\Users\pauma\Desktop\ORT\4° Cuatrimestre\PNT2\Ejercicios\.npm\_logs\2024-09-02T22_29_46_562Z-
25 verbose logfile C:\Users\pauma\Desktop\ORT\4° Cuatrimestre\PNT2\Ejercicios\.npm\_logs\2024-09-02T22_29_46_562Z-debug-0.log
26 timing npm:load:logFile Completed in 25ms
27 timing npm:load:timers Completed in 0ms
28 timing npm:load:configScope Completed in 0ms
29 timing npm:load Completed in 107ms
30 timing config:load:flatten Completed in 1ms
31 silly logfile done cleaning log files
32 http fetch GET 200 https://registry.npmjs.org/npm 570ms (cache revalidated)
33 timing arborist:ctor Completed in 1ms
34 timing idealTree:init Completed in 9ms
35 timing idealTree:userRequests Completed in 2ms
36 silly idealTree buildDeps
37 silly fetch manifest npm@10.8.3
38 http fetch GET 200 https://registry.npmjs.org/npm 19ms (cache hit)
39 silly placeDep ROOT npm@10.8.3 OK for:  want: 10.8.3
40 timing idealTree:#root Completed in 65ms
41 timing idealTree:node_modules/npm Completed in 1ms
42 timing idealTree:buildDeps Completed in 68ms
43 timing idealTree:fixDepFlags Completed in 1ms
44 timing idealTree Completed in 81ms
45 timing reify:loadTrees Completed in 98ms
46 timing reify:diffTrees Completed in 2ms
47 silly reify moves {}
48 timing reify:retireShallow Completed in 2ms
49 timing reify:createSparse Completed in 4ms
50 silly tarball no local data for npm@https://registry.npmjs.org/npm/-/npm-10.8.3.tgz. Extracting by manifest.
51 http fetch GET 200 https://registry.npmjs.org/npm/-/npm-10.8.3.tgz 8251ms (cache miss)
52 timing reifyNode:node_modules/npm Completed in 8273ms
53 timing arborist:ctor Completed in 0ms
54 timing reify:diffTrees Completed in 4ms
55 timing reify:loadBundles Completed in 8589ms
56 timing reify:unpack Completed in 0ms
57 timing reify:unretire Completed in 0ms
58 timing build:queue Completed in 25ms
59 timing build:link:node_modules/npm/node_modules/@npmcli/arborist Completed in 36ms
60 timing build:link:node_modules/npm/node_modules/cross-spawn/node_modules/which Completed in 33ms
61 timing build:link:node_modules/npm/node_modules/cssesc Completed in 35ms
62 timing build:link:node_modules/npm/node_modules/nopt Completed in 34ms
63 timing build:link:node_modules/npm/node_modules/mkdirp Completed in 35ms
64 timing build:link:node_modules/npm Completed in 38ms
65 timing build:link:node_modules/npm/node_modules/@npmcli/installed-package-contents Completed in 36ms
66 timing build:link:node_modules/npm/node_modules/semver Completed in 35ms
67 timing build:link:node_modules/npm/node_modules/qrcode-terminal Completed in 35ms
68 timing build:link:node_modules/npm/node_modules/node-gyp Completed in 36ms
69 timing build:link:node_modules/npm/node_modules/glob Completed in 36ms
70 timing build:link:node_modules/npm/node_modules/pacote Completed in 35ms
71 timing build:link:node_modules/npm/node_modules/which Completed in 34ms
72 timing build:link Completed in 38ms
73 timing build:deps Completed in 64ms
74 timing build Completed in 64ms
75 timing reify:build Completed in 65ms
76 timing reify:trash Completed in 0ms
77 timing reify Completed in 8779ms
78 silly ADD node_modules/npm
79 timing command:install Completed in 9409ms
80 verbose exit 0
81 timing npm Completed in 10076ms
82 info ok
