0 verbose cli C:\Program Files\nodejs\node.exe C:\Users\pauma\AppData\Roaming\npm\node_modules\npm\bin\npm-cli.js
1 info using npm@10.8.3
2 info using node@v20.5.1
3 silly config load:file:C:\Users\pauma\AppData\Roaming\npm\node_modules\npm\npmrc
4 silly config load:file:C:\Users\pauma\Desktop\ORT\4° Cuatrimestre\PNT2\Ejercicios\DOM\.npmrc
5 silly config load:file:C:\Users\pauma\.npmrc
6 silly config load:file:C:\Users\pauma\AppData\Roaming\npm\etc\npmrc
7 verbose title npm install webpack webpack-cli
8 verbose argv "install" "webpack" "webpack-cli" "--save-dev"
9 verbose logfile logs-max:10 dir:C:\Users\pauma\Desktop\ORT\4° Cuatrimestre\PNT2\Ejercicios\.npm\_logs\2024-09-02T22_32_50_260Z-
10 verbose logfile C:\Users\pauma\Desktop\ORT\4° Cuatrimestre\PNT2\Ejercicios\.npm\_logs\2024-09-02T22_32_50_260Z-debug-0.log
11 silly packumentCache heap:2197815296 maxSize:549453824 maxEntrySize:274726912
12 silly logfile done cleaning log files
13 silly idealTree buildDeps
14 silly fetch manifest webpack@*
15 silly packumentCache full:https://registry.npmjs.org/webpack cache-miss
16 http fetch GET 200 https://registry.npmjs.org/webpack 855ms (cache miss)
17 silly packumentCache full:https://registry.npmjs.org/webpack set size:undefined disposed:false
18 silly fetch manifest webpack-cli@*
19 silly packumentCache full:https://registry.npmjs.org/webpack-cli cache-miss
20 http fetch GET 200 https://registry.npmjs.org/webpack-cli 117ms (cache miss)
21 silly packumentCache full:https://registry.npmjs.org/webpack-cli set size:undefined disposed:false
22 silly placeDep ROOT webpack@5.94.0 OK for: dom@1.0.0 want: *
23 silly placeDep ROOT webpack-cli@5.1.4 OK for: dom@1.0.0 want: *
24 silly fetch manifest @types/estree@^1.0.5
25 silly packumentCache full:https://registry.npmjs.org/@types%2festree cache-miss
26 silly fetch manifest @webassemblyjs/ast@^1.12.1
27 silly packumentCache full:https://registry.npmjs.org/@webassemblyjs%2fast cache-miss
28 silly fetch manifest @webassemblyjs/wasm-edit@^1.12.1
29 silly packumentCache full:https://registry.npmjs.org/@webassemblyjs%2fwasm-edit cache-miss
30 silly fetch manifest @webassemblyjs/wasm-parser@^1.12.1
31 silly packumentCache full:https://registry.npmjs.org/@webassemblyjs%2fwasm-parser cache-miss
32 silly fetch manifest acorn@^8.7.1
33 silly packumentCache full:https://registry.npmjs.org/acorn cache-miss
34 silly fetch manifest acorn-import-attributes@^1.9.5
35 silly packumentCache full:https://registry.npmjs.org/acorn-import-attributes cache-miss
36 silly fetch manifest browserslist@^4.21.10
37 silly packumentCache full:https://registry.npmjs.org/browserslist cache-miss
38 http fetch GET 200 https://registry.npmjs.org/@types%2festree 115ms (cache miss)
39 silly packumentCache full:https://registry.npmjs.org/@types%2festree set size:undefined disposed:false
40 silly fetch manifest chrome-trace-event@^1.0.2
41 silly packumentCache full:https://registry.npmjs.org/chrome-trace-event cache-miss
42 http fetch GET 200 https://registry.npmjs.org/acorn-import-attributes 171ms (cache miss)
43 silly packumentCache full:https://registry.npmjs.org/acorn-import-attributes set size:undefined disposed:false
44 silly fetch manifest enhanced-resolve@^5.17.1
45 silly packumentCache full:https://registry.npmjs.org/enhanced-resolve cache-miss
46 http fetch GET 200 https://registry.npmjs.org/chrome-trace-event 157ms (cache miss)
47 silly packumentCache full:https://registry.npmjs.org/chrome-trace-event set size:undefined disposed:false
48 silly fetch manifest es-module-lexer@^1.2.1
49 silly packumentCache full:https://registry.npmjs.org/es-module-lexer cache-miss
50 http fetch GET 200 https://registry.npmjs.org/@webassemblyjs%2fwasm-edit 292ms (cache miss)
51 silly packumentCache full:https://registry.npmjs.org/@webassemblyjs%2fwasm-edit set size:undefined disposed:false
52 silly fetch manifest eslint-scope@5.1.1
53 silly packumentCache full:https://registry.npmjs.org/eslint-scope cache-miss
54 http fetch GET 200 https://registry.npmjs.org/acorn 317ms (cache miss)
55 silly packumentCache full:https://registry.npmjs.org/acorn set size:undefined disposed:false
56 silly fetch manifest events@^3.2.0
57 silly packumentCache full:https://registry.npmjs.org/events cache-miss
58 http fetch GET 200 https://registry.npmjs.org/enhanced-resolve 175ms (cache miss)
59 silly packumentCache full:https://registry.npmjs.org/enhanced-resolve set size:undefined disposed:false
60 silly fetch manifest glob-to-regexp@^0.4.1
61 silly packumentCache full:https://registry.npmjs.org/glob-to-regexp cache-miss
62 http fetch GET 200 https://registry.npmjs.org/es-module-lexer 567ms (cache miss)
63 silly packumentCache full:https://registry.npmjs.org/es-module-lexer set size:undefined disposed:false
64 silly fetch manifest graceful-fs@^4.2.11
65 silly packumentCache full:https://registry.npmjs.org/graceful-fs cache-miss
66 http fetch GET 200 https://registry.npmjs.org/events 622ms (cache miss)
67 silly packumentCache full:https://registry.npmjs.org/events set size:undefined disposed:false
68 silly fetch manifest json-parse-even-better-errors@^2.3.1
69 silly packumentCache full:https://registry.npmjs.org/json-parse-even-better-errors cache-miss
70 http fetch GET 200 https://registry.npmjs.org/eslint-scope 744ms (cache miss)
71 silly packumentCache full:https://registry.npmjs.org/eslint-scope set size:undefined disposed:false
72 silly fetch manifest loader-runner@^4.2.0
73 silly packumentCache full:https://registry.npmjs.org/loader-runner cache-miss
74 http fetch GET 200 https://registry.npmjs.org/glob-to-regexp 745ms (cache miss)
75 silly packumentCache full:https://registry.npmjs.org/glob-to-regexp set size:undefined disposed:false
76 silly fetch manifest mime-types@^2.1.27
77 silly packumentCache full:https://registry.npmjs.org/mime-types cache-miss
78 http fetch GET 200 https://registry.npmjs.org/graceful-fs 298ms (cache miss)
79 silly packumentCache full:https://registry.npmjs.org/graceful-fs set size:undefined disposed:false
80 silly fetch manifest neo-async@^2.6.2
81 silly packumentCache full:https://registry.npmjs.org/neo-async cache-miss
82 http fetch GET 200 https://registry.npmjs.org/@webassemblyjs%2fwasm-parser 1263ms (cache miss)
83 silly packumentCache full:https://registry.npmjs.org/@webassemblyjs%2fwasm-parser set size:undefined disposed:false
84 silly fetch manifest schema-utils@^3.2.0
85 silly packumentCache full:https://registry.npmjs.org/schema-utils cache-miss
86 http fetch GET 200 https://registry.npmjs.org/@webassemblyjs%2fast 1283ms (cache miss)
87 silly packumentCache full:https://registry.npmjs.org/@webassemblyjs%2fast set size:undefined disposed:false
88 silly fetch manifest tapable@^2.1.1
89 silly packumentCache full:https://registry.npmjs.org/tapable cache-miss
90 http fetch GET 200 https://registry.npmjs.org/json-parse-even-better-errors 322ms (cache miss)
91 silly packumentCache full:https://registry.npmjs.org/json-parse-even-better-errors set size:undefined disposed:false
92 silly fetch manifest terser-webpack-plugin@^5.3.10
93 silly packumentCache full:https://registry.npmjs.org/terser-webpack-plugin cache-miss
94 http fetch GET 200 https://registry.npmjs.org/browserslist 1581ms (cache miss)
95 silly packumentCache full:https://registry.npmjs.org/browserslist set size:undefined disposed:false
96 silly fetch manifest watchpack@^2.4.1
97 silly packumentCache full:https://registry.npmjs.org/watchpack cache-miss
98 http fetch GET 200 https://registry.npmjs.org/loader-runner 660ms (cache miss)
99 silly packumentCache full:https://registry.npmjs.org/loader-runner set size:undefined disposed:false
100 silly fetch manifest webpack-sources@^3.2.3
101 silly packumentCache full:https://registry.npmjs.org/webpack-sources cache-miss
102 http fetch GET 200 https://registry.npmjs.org/mime-types 620ms (cache miss)
103 silly packumentCache full:https://registry.npmjs.org/mime-types set size:undefined disposed:false
104 silly fetch manifest envinfo@^7.7.3
105 silly packumentCache full:https://registry.npmjs.org/envinfo cache-miss
106 http fetch GET 200 https://registry.npmjs.org/neo-async 682ms (cache miss)
107 silly packumentCache full:https://registry.npmjs.org/neo-async set size:undefined disposed:false
108 silly fetch manifest rechoir@^0.8.0
109 silly packumentCache full:https://registry.npmjs.org/rechoir cache-miss
110 http fetch GET 200 https://registry.npmjs.org/schema-utils 715ms (cache miss)
111 silly packumentCache full:https://registry.npmjs.org/schema-utils set size:undefined disposed:false
112 silly fetch manifest colorette@^2.0.14
113 silly packumentCache full:https://registry.npmjs.org/colorette cache-miss
114 http fetch GET 200 https://registry.npmjs.org/tapable 777ms (cache miss)
115 silly packumentCache full:https://registry.npmjs.org/tapable set size:undefined disposed:false
116 silly fetch manifest commander@^10.0.1
117 silly packumentCache full:https://registry.npmjs.org/commander cache-miss
118 http fetch GET 200 https://registry.npmjs.org/terser-webpack-plugin 1112ms (cache miss)
119 silly packumentCache full:https://registry.npmjs.org/terser-webpack-plugin set size:undefined disposed:false
120 silly fetch manifest interpret@^3.1.1
121 silly packumentCache full:https://registry.npmjs.org/interpret cache-miss
122 http fetch GET 200 https://registry.npmjs.org/watchpack 991ms (cache miss)
123 silly packumentCache full:https://registry.npmjs.org/watchpack set size:undefined disposed:false
124 silly fetch manifest cross-spawn@^7.0.3
125 silly packumentCache full:https://registry.npmjs.org/cross-spawn cache-miss
126 http fetch GET 200 https://registry.npmjs.org/rechoir 762ms (cache miss)
127 silly packumentCache full:https://registry.npmjs.org/rechoir set size:undefined disposed:false
128 silly fetch manifest import-local@^3.0.2
129 silly packumentCache full:https://registry.npmjs.org/import-local cache-miss
130 http fetch GET 200 https://registry.npmjs.org/webpack-sources 999ms (cache miss)
131 silly packumentCache full:https://registry.npmjs.org/webpack-sources set size:undefined disposed:false
132 silly fetch manifest webpack-merge@^5.7.3
133 silly packumentCache full:https://registry.npmjs.org/webpack-merge cache-miss
134 http fetch GET 200 https://registry.npmjs.org/colorette 709ms (cache miss)
135 silly packumentCache full:https://registry.npmjs.org/colorette set size:undefined disposed:false
136 silly fetch manifest @webpack-cli/info@^2.0.2
137 silly packumentCache full:https://registry.npmjs.org/@webpack-cli%2finfo cache-miss
138 http fetch GET 200 https://registry.npmjs.org/envinfo 1074ms (cache miss)
139 silly packumentCache full:https://registry.npmjs.org/envinfo set size:undefined disposed:false
140 silly fetch manifest @webpack-cli/serve@^2.0.5
141 silly packumentCache full:https://registry.npmjs.org/@webpack-cli%2fserve cache-miss
142 http fetch GET 200 https://registry.npmjs.org/interpret 359ms (cache miss)
143 silly packumentCache full:https://registry.npmjs.org/interpret set size:undefined disposed:false
144 silly fetch manifest fastest-levenshtein@^1.0.12
145 silly packumentCache full:https://registry.npmjs.org/fastest-levenshtein cache-miss
146 http fetch GET 200 https://registry.npmjs.org/import-local 264ms (cache miss)
147 silly packumentCache full:https://registry.npmjs.org/import-local set size:undefined disposed:false
148 silly fetch manifest @discoveryjs/json-ext@^0.5.0
149 silly packumentCache full:https://registry.npmjs.org/@discoveryjs%2fjson-ext cache-miss
150 http fetch GET 200 https://registry.npmjs.org/cross-spawn 341ms (cache miss)
151 silly packumentCache full:https://registry.npmjs.org/cross-spawn set size:undefined disposed:false
152 silly fetch manifest @webpack-cli/configtest@^2.1.1
153 silly packumentCache full:https://registry.npmjs.org/@webpack-cli%2fconfigtest cache-miss
154 http fetch GET 200 https://registry.npmjs.org/@webpack-cli%2finfo 300ms (cache miss)
155 silly packumentCache full:https://registry.npmjs.org/@webpack-cli%2finfo set size:undefined disposed:false
156 http fetch GET 200 https://registry.npmjs.org/webpack-merge 385ms (cache miss)
157 silly packumentCache full:https://registry.npmjs.org/webpack-merge set size:undefined disposed:false
158 http fetch GET 200 https://registry.npmjs.org/fastest-levenshtein 278ms (cache miss)
159 silly packumentCache full:https://registry.npmjs.org/fastest-levenshtein set size:undefined disposed:false
160 http fetch GET 200 https://registry.npmjs.org/@webpack-cli%2fserve 321ms (cache miss)
161 silly packumentCache full:https://registry.npmjs.org/@webpack-cli%2fserve set size:undefined disposed:false
162 http fetch GET 200 https://registry.npmjs.org/commander 1116ms (cache miss)
163 silly packumentCache full:https://registry.npmjs.org/commander set size:undefined disposed:false
164 http fetch GET 200 https://registry.npmjs.org/@webpack-cli%2fconfigtest 596ms (cache miss)
165 silly packumentCache full:https://registry.npmjs.org/@webpack-cli%2fconfigtest set size:undefined disposed:false
166 http fetch GET 200 https://registry.npmjs.org/@discoveryjs%2fjson-ext 751ms (cache miss)
167 silly packumentCache full:https://registry.npmjs.org/@discoveryjs%2fjson-ext set size:undefined disposed:false
168 silly fetch manifest webpack@^5.1.0
169 silly packumentCache full:https://registry.npmjs.org/webpack cache-miss
170 http fetch GET 200 https://registry.npmjs.org/webpack 261ms (cache hit)
171 silly packumentCache full:https://registry.npmjs.org/webpack set size:4671363 disposed:false
172 silly placeDep ROOT @types/estree@1.0.5 OK for: webpack@5.94.0 want: ^1.0.5
173 silly placeDep ROOT @webassemblyjs/ast@1.12.1 OK for: webpack@5.94.0 want: ^1.12.1
174 silly placeDep ROOT @webassemblyjs/wasm-edit@1.12.1 OK for: webpack@5.94.0 want: ^1.12.1
175 silly placeDep ROOT @webassemblyjs/wasm-parser@1.12.1 OK for: webpack@5.94.0 want: ^1.12.1
176 silly placeDep ROOT acorn@8.12.1 OK for: webpack@5.94.0 want: ^8.7.1
177 silly placeDep ROOT acorn-import-attributes@1.9.5 OK for: webpack@5.94.0 want: ^1.9.5
178 silly placeDep ROOT browserslist@4.23.3 OK for: webpack@5.94.0 want: ^4.21.10
179 silly placeDep ROOT chrome-trace-event@1.0.4 OK for: webpack@5.94.0 want: ^1.0.2
180 silly placeDep ROOT enhanced-resolve@5.17.1 OK for: webpack@5.94.0 want: ^5.17.1
181 silly placeDep ROOT es-module-lexer@1.5.4 OK for: webpack@5.94.0 want: ^1.2.1
182 silly placeDep ROOT eslint-scope@5.1.1 OK for: webpack@5.94.0 want: 5.1.1
183 silly placeDep ROOT events@3.3.0 OK for: webpack@5.94.0 want: ^3.2.0
184 silly placeDep ROOT glob-to-regexp@0.4.1 OK for: webpack@5.94.0 want: ^0.4.1
185 silly placeDep ROOT graceful-fs@4.2.11 OK for: webpack@5.94.0 want: ^4.2.11
186 silly placeDep ROOT json-parse-even-better-errors@2.3.1 OK for: webpack@5.94.0 want: ^2.3.1
187 silly placeDep ROOT loader-runner@4.3.0 OK for: webpack@5.94.0 want: ^4.2.0
188 silly placeDep ROOT mime-types@2.1.35 OK for: webpack@5.94.0 want: ^2.1.27
189 silly placeDep ROOT neo-async@2.6.2 OK for: webpack@5.94.0 want: ^2.6.2
190 silly placeDep ROOT schema-utils@3.3.0 OK for: webpack@5.94.0 want: ^3.2.0
191 silly placeDep ROOT tapable@2.2.1 OK for: webpack@5.94.0 want: ^2.1.1
192 silly placeDep ROOT terser-webpack-plugin@5.3.10 OK for: webpack@5.94.0 want: ^5.3.10
193 silly placeDep ROOT watchpack@2.4.2 OK for: webpack@5.94.0 want: ^2.4.1
194 silly placeDep ROOT webpack-sources@3.2.3 OK for: webpack@5.94.0 want: ^3.2.3
195 silly fetch manifest @webassemblyjs/helper-numbers@1.11.6
196 silly packumentCache full:https://registry.npmjs.org/@webassemblyjs%2fhelper-numbers cache-miss
197 silly fetch manifest @webassemblyjs/helper-wasm-bytecode@1.11.6
198 silly packumentCache full:https://registry.npmjs.org/@webassemblyjs%2fhelper-wasm-bytecode cache-miss
199 silly fetch manifest @webassemblyjs/helper-buffer@1.12.1
200 silly packumentCache full:https://registry.npmjs.org/@webassemblyjs%2fhelper-buffer cache-miss
201 silly fetch manifest @webassemblyjs/helper-wasm-bytecode@1.11.6
202 silly packumentCache full:https://registry.npmjs.org/@webassemblyjs%2fhelper-wasm-bytecode cache-miss
203 silly fetch manifest @webassemblyjs/helper-wasm-section@1.12.1
204 silly packumentCache full:https://registry.npmjs.org/@webassemblyjs%2fhelper-wasm-section cache-miss
205 silly fetch manifest @webassemblyjs/wasm-gen@1.12.1
206 silly packumentCache full:https://registry.npmjs.org/@webassemblyjs%2fwasm-gen cache-miss
207 silly fetch manifest @webassemblyjs/wasm-opt@1.12.1
208 silly packumentCache full:https://registry.npmjs.org/@webassemblyjs%2fwasm-opt cache-miss
209 http fetch GET 200 https://registry.npmjs.org/@webassemblyjs%2fhelper-wasm-bytecode 161ms (cache miss)
210 silly packumentCache full:https://registry.npmjs.org/@webassemblyjs%2fhelper-wasm-bytecode set size:undefined disposed:false
211 silly fetch manifest @webassemblyjs/wasm-parser@1.12.1
212 silly packumentCache full:https://registry.npmjs.org/@webassemblyjs%2fwasm-parser cache-miss
213 http fetch GET 200 https://registry.npmjs.org/@webassemblyjs%2fhelper-numbers 187ms (cache miss)
214 silly packumentCache full:https://registry.npmjs.org/@webassemblyjs%2fhelper-numbers set size:undefined disposed:false
215 silly fetch manifest @webassemblyjs/wast-printer@1.12.1
216 silly packumentCache full:https://registry.npmjs.org/@webassemblyjs%2fwast-printer cache-miss
217 http fetch GET 200 https://registry.npmjs.org/@webassemblyjs%2fhelper-wasm-section 179ms (cache miss)
218 silly packumentCache full:https://registry.npmjs.org/@webassemblyjs%2fhelper-wasm-section set size:undefined disposed:false
219 silly fetch manifest @webassemblyjs/helper-api-error@1.11.6
220 silly packumentCache full:https://registry.npmjs.org/@webassemblyjs%2fhelper-api-error cache-miss
221 http fetch GET 200 https://registry.npmjs.org/@webassemblyjs%2fwasm-opt 246ms (cache miss)
222 silly packumentCache full:https://registry.npmjs.org/@webassemblyjs%2fwasm-opt set size:undefined disposed:false
223 silly fetch manifest @webassemblyjs/ieee754@1.11.6
224 silly packumentCache full:https://registry.npmjs.org/@webassemblyjs%2fieee754 cache-miss
225 http fetch GET 200 https://registry.npmjs.org/@webassemblyjs%2fwasm-parser 133ms (cache hit)
226 silly packumentCache full:https://registry.npmjs.org/@webassemblyjs%2fwasm-parser set size:208108 disposed:false
227 silly fetch manifest @webassemblyjs/leb128@1.11.6
228 silly packumentCache full:https://registry.npmjs.org/@webassemblyjs%2fleb128 cache-miss
229 http fetch GET 200 https://registry.npmjs.org/@webassemblyjs%2fwasm-gen 363ms (cache miss)
230 silly packumentCache full:https://registry.npmjs.org/@webassemblyjs%2fwasm-gen set size:undefined disposed:false
231 silly fetch manifest @webassemblyjs/utf8@1.11.6
232 silly packumentCache full:https://registry.npmjs.org/@webassemblyjs%2futf8 cache-miss
233 http fetch GET 200 https://registry.npmjs.org/@webassemblyjs%2fhelper-wasm-bytecode 399ms (cache miss)
234 silly packumentCache full:https://registry.npmjs.org/@webassemblyjs%2fhelper-wasm-bytecode set size:undefined disposed:false
235 silly fetch manifest caniuse-lite@^1.0.30001646
236 silly packumentCache full:https://registry.npmjs.org/caniuse-lite cache-miss
237 http fetch GET 200 https://registry.npmjs.org/@webassemblyjs%2fhelper-buffer 453ms (cache miss)
238 silly packumentCache full:https://registry.npmjs.org/@webassemblyjs%2fhelper-buffer set size:undefined disposed:false
239 silly fetch manifest electron-to-chromium@^1.5.4
240 silly packumentCache full:https://registry.npmjs.org/electron-to-chromium cache-miss
241 http fetch GET 200 https://registry.npmjs.org/@webassemblyjs%2fhelper-api-error 277ms (cache miss)
242 silly packumentCache full:https://registry.npmjs.org/@webassemblyjs%2fhelper-api-error set size:undefined disposed:false
243 silly fetch manifest node-releases@^2.0.18
244 silly packumentCache full:https://registry.npmjs.org/node-releases cache-miss
245 http fetch GET 200 https://registry.npmjs.org/@webassemblyjs%2fwast-printer 307ms (cache miss)
246 silly packumentCache full:https://registry.npmjs.org/@webassemblyjs%2fwast-printer set size:undefined disposed:false
247 silly fetch manifest update-browserslist-db@^1.1.0
248 silly packumentCache full:https://registry.npmjs.org/update-browserslist-db cache-miss
249 http fetch GET 200 https://registry.npmjs.org/@webassemblyjs%2fieee754 267ms (cache miss)
250 silly packumentCache full:https://registry.npmjs.org/@webassemblyjs%2fieee754 set size:undefined disposed:false
251 silly fetch manifest graceful-fs@^4.2.4
252 silly packumentCache full:https://registry.npmjs.org/graceful-fs cache-miss
253 http fetch GET 200 https://registry.npmjs.org/@webassemblyjs%2futf8 188ms (cache miss)
254 silly packumentCache full:https://registry.npmjs.org/@webassemblyjs%2futf8 set size:undefined disposed:false
255 silly fetch manifest tapable@^2.2.0
256 silly packumentCache full:https://registry.npmjs.org/tapable cache-miss
257 http fetch GET 200 https://registry.npmjs.org/@webassemblyjs%2fleb128 301ms (cache miss)
258 silly packumentCache full:https://registry.npmjs.org/@webassemblyjs%2fleb128 set size:undefined disposed:false
259 silly fetch manifest esrecurse@^4.3.0
260 silly packumentCache full:https://registry.npmjs.org/esrecurse cache-miss
261 http fetch GET 200 https://registry.npmjs.org/graceful-fs 113ms (cache hit)
262 silly packumentCache full:https://registry.npmjs.org/graceful-fs set size:124285 disposed:false
263 silly fetch manifest estraverse@^4.1.1
264 silly packumentCache full:https://registry.npmjs.org/estraverse cache-miss
265 http fetch GET 200 https://registry.npmjs.org/tapable 106ms (cache hit)
266 silly packumentCache full:https://registry.npmjs.org/tapable set size:195640 disposed:false
267 silly fetch manifest mime-db@1.52.0
268 silly packumentCache full:https://registry.npmjs.org/mime-db cache-miss
269 http fetch GET 200 https://registry.npmjs.org/update-browserslist-db 224ms (cache miss)
270 silly packumentCache full:https://registry.npmjs.org/update-browserslist-db set size:undefined disposed:false
271 silly fetch manifest @types/json-schema@^7.0.8
272 silly packumentCache full:https://registry.npmjs.org/@types%2fjson-schema cache-miss
273 http fetch GET 200 https://registry.npmjs.org/node-releases 268ms (cache miss)
274 silly packumentCache full:https://registry.npmjs.org/node-releases set size:undefined disposed:false
275 silly fetch manifest ajv@^6.12.5
276 silly packumentCache full:https://registry.npmjs.org/ajv cache-miss
277 http fetch GET 200 https://registry.npmjs.org/estraverse 235ms (cache miss)
278 silly packumentCache full:https://registry.npmjs.org/estraverse set size:undefined disposed:false
279 silly fetch manifest ajv-keywords@^3.5.2
280 silly packumentCache full:https://registry.npmjs.org/ajv-keywords cache-miss
281 http fetch GET 200 https://registry.npmjs.org/@types%2fjson-schema 980ms (cache miss)
282 silly packumentCache full:https://registry.npmjs.org/@types%2fjson-schema set size:undefined disposed:false
283 silly fetch manifest terser@^5.26.0
284 silly packumentCache full:https://registry.npmjs.org/terser cache-miss
285 http fetch GET 200 https://registry.npmjs.org/esrecurse 1138ms (cache miss)
286 silly packumentCache full:https://registry.npmjs.org/esrecurse set size:undefined disposed:false
287 silly fetch manifest jest-worker@^27.4.5
288 silly packumentCache full:https://registry.npmjs.org/jest-worker cache-miss
289 http fetch GET 200 https://registry.npmjs.org/mime-db 1076ms (cache miss)
290 silly packumentCache full:https://registry.npmjs.org/mime-db set size:undefined disposed:false
291 silly fetch manifest serialize-javascript@^6.0.1
292 silly packumentCache full:https://registry.npmjs.org/serialize-javascript cache-miss
293 http fetch GET 200 https://registry.npmjs.org/ajv-keywords 927ms (cache miss)
294 silly packumentCache full:https://registry.npmjs.org/ajv-keywords set size:undefined disposed:false
295 silly fetch manifest @jridgewell/trace-mapping@^0.3.20
296 silly packumentCache full:https://registry.npmjs.org/@jridgewell%2ftrace-mapping cache-miss
297 http fetch GET 200 https://registry.npmjs.org/serialize-javascript 150ms (cache miss)
298 silly packumentCache full:https://registry.npmjs.org/serialize-javascript set size:undefined disposed:false
299 http fetch GET 200 https://registry.npmjs.org/ajv 1230ms (cache miss)
300 silly packumentCache full:https://registry.npmjs.org/ajv set size:undefined disposed:false
301 http fetch GET 200 https://registry.npmjs.org/terser 316ms (cache miss)
302 silly packumentCache full:https://registry.npmjs.org/terser set size:undefined disposed:false
303 http fetch GET 200 https://registry.npmjs.org/@jridgewell%2ftrace-mapping 237ms (cache miss)
304 silly packumentCache full:https://registry.npmjs.org/@jridgewell%2ftrace-mapping set size:undefined disposed:false
305 http fetch GET 200 https://registry.npmjs.org/jest-worker 337ms (cache miss)
306 silly packumentCache full:https://registry.npmjs.org/jest-worker set size:undefined disposed:false
307 http fetch GET 200 https://registry.npmjs.org/caniuse-lite 1727ms (cache miss)
308 silly packumentCache full:https://registry.npmjs.org/caniuse-lite set size:undefined disposed:false
309 http fetch GET 200 https://registry.npmjs.org/electron-to-chromium 1783ms (cache miss)
310 silly packumentCache full:https://registry.npmjs.org/electron-to-chromium set size:undefined disposed:false
311 silly placeDep ROOT @webassemblyjs/helper-numbers@1.11.6 OK for: @webassemblyjs/ast@1.12.1 want: 1.11.6
312 silly placeDep ROOT @webassemblyjs/helper-wasm-bytecode@1.11.6 OK for: @webassemblyjs/ast@1.12.1 want: 1.11.6
313 silly fetch manifest @webassemblyjs/floating-point-hex-parser@1.11.6
314 silly packumentCache full:https://registry.npmjs.org/@webassemblyjs%2ffloating-point-hex-parser cache-miss
315 silly fetch manifest @xtuc/long@4.2.2
316 silly packumentCache full:https://registry.npmjs.org/@xtuc%2flong cache-miss
317 http fetch GET 200 https://registry.npmjs.org/@webassemblyjs%2ffloating-point-hex-parser 353ms (cache miss)
318 silly packumentCache full:https://registry.npmjs.org/@webassemblyjs%2ffloating-point-hex-parser set size:undefined disposed:false
319 http fetch GET 200 https://registry.npmjs.org/@xtuc%2flong 366ms (cache miss)
320 silly packumentCache full:https://registry.npmjs.org/@xtuc%2flong set size:undefined disposed:false
321 silly placeDep ROOT @webassemblyjs/floating-point-hex-parser@1.11.6 OK for: @webassemblyjs/helper-numbers@1.11.6 want: 1.11.6
322 silly placeDep ROOT @webassemblyjs/helper-api-error@1.11.6 OK for: @webassemblyjs/helper-numbers@1.11.6 want: 1.11.6
323 silly placeDep ROOT @xtuc/long@4.2.2 OK for: @webassemblyjs/helper-numbers@1.11.6 want: 4.2.2
324 silly placeDep ROOT @webassemblyjs/helper-buffer@1.12.1 OK for: @webassemblyjs/wasm-edit@1.12.1 want: 1.12.1
325 silly placeDep ROOT @webassemblyjs/helper-wasm-section@1.12.1 OK for: @webassemblyjs/wasm-edit@1.12.1 want: 1.12.1
326 silly placeDep ROOT @webassemblyjs/wasm-gen@1.12.1 OK for: @webassemblyjs/wasm-edit@1.12.1 want: 1.12.1
327 silly placeDep ROOT @webassemblyjs/wasm-opt@1.12.1 OK for: @webassemblyjs/wasm-edit@1.12.1 want: 1.12.1
328 silly placeDep ROOT @webassemblyjs/wast-printer@1.12.1 OK for: @webassemblyjs/wasm-edit@1.12.1 want: 1.12.1
329 silly placeDep ROOT @webassemblyjs/ieee754@1.11.6 OK for: @webassemblyjs/wasm-gen@1.12.1 want: 1.11.6
330 silly placeDep ROOT @webassemblyjs/leb128@1.11.6 OK for: @webassemblyjs/wasm-gen@1.12.1 want: 1.11.6
331 silly placeDep ROOT @webassemblyjs/utf8@1.11.6 OK for: @webassemblyjs/wasm-gen@1.12.1 want: 1.11.6
332 silly fetch manifest @xtuc/ieee754@^1.2.0
333 silly packumentCache full:https://registry.npmjs.org/@xtuc%2fieee754 cache-miss
334 http fetch GET 200 https://registry.npmjs.org/@xtuc%2fieee754 155ms (cache miss)
335 silly packumentCache full:https://registry.npmjs.org/@xtuc%2fieee754 set size:undefined disposed:false
336 silly placeDep ROOT @xtuc/ieee754@1.2.0 OK for: @webassemblyjs/ieee754@1.11.6 want: ^1.2.0
337 silly fetch manifest browserslist@>= 4.21.0
338 silly packumentCache full:https://registry.npmjs.org/browserslist cache-miss
339 http fetch GET 200 https://registry.npmjs.org/browserslist 57ms (cache hit)
340 silly packumentCache full:https://registry.npmjs.org/browserslist set size:467045 disposed:false
341 silly placeDep ROOT caniuse-lite@1.0.30001655 OK for: browserslist@4.23.3 want: ^1.0.30001646
342 silly placeDep ROOT electron-to-chromium@1.5.13 OK for: browserslist@4.23.3 want: ^1.5.4
343 silly placeDep ROOT node-releases@2.0.18 OK for: browserslist@4.23.3 want: ^2.0.18
344 silly placeDep ROOT update-browserslist-db@1.1.0 OK for: browserslist@4.23.3 want: ^1.1.0
345 silly fetch manifest escalade@^3.1.2
346 silly packumentCache full:https://registry.npmjs.org/escalade cache-miss
347 silly fetch manifest picocolors@^1.0.1
348 silly packumentCache full:https://registry.npmjs.org/picocolors cache-miss
349 http fetch GET 200 https://registry.npmjs.org/escalade 83ms (cache miss)
350 silly packumentCache full:https://registry.npmjs.org/escalade set size:undefined disposed:false
351 http fetch GET 200 https://registry.npmjs.org/picocolors 85ms (cache miss)
352 silly packumentCache full:https://registry.npmjs.org/picocolors set size:undefined disposed:false
353 silly placeDep ROOT esrecurse@4.3.0 OK for: eslint-scope@5.1.1 want: ^4.3.0
354 silly placeDep ROOT estraverse@4.3.0 OK for: eslint-scope@5.1.1 want: ^4.1.1
355 silly fetch manifest estraverse@^5.2.0
356 silly packumentCache full:https://registry.npmjs.org/estraverse cache-miss
357 http fetch GET 200 https://registry.npmjs.org/estraverse 39ms (cache hit)
358 silly packumentCache full:https://registry.npmjs.org/estraverse set size:62412 disposed:false
359 silly placeDep node_modules/esrecurse estraverse@5.3.0 OK for: esrecurse@4.3.0 want: ^5.2.0
360 silly placeDep ROOT mime-db@1.52.0 OK for: mime-types@2.1.35 want: 1.52.0
361 silly placeDep ROOT @types/json-schema@7.0.15 OK for: schema-utils@3.3.0 want: ^7.0.8
362 silly placeDep ROOT ajv@6.12.6 OK for: schema-utils@3.3.0 want: ^6.12.5
363 silly placeDep ROOT ajv-keywords@3.5.2 OK for: schema-utils@3.3.0 want: ^3.5.2
364 silly fetch manifest uri-js@^4.2.2
365 silly packumentCache full:https://registry.npmjs.org/uri-js cache-miss
366 silly fetch manifest fast-deep-equal@^3.1.1
367 silly packumentCache full:https://registry.npmjs.org/fast-deep-equal cache-miss
368 silly fetch manifest json-schema-traverse@^0.4.1
369 silly packumentCache full:https://registry.npmjs.org/json-schema-traverse cache-miss
370 silly fetch manifest fast-json-stable-stringify@^2.0.0
371 silly packumentCache full:https://registry.npmjs.org/fast-json-stable-stringify cache-miss
372 http fetch GET 200 https://registry.npmjs.org/fast-deep-equal 353ms (cache miss)
373 silly packumentCache full:https://registry.npmjs.org/fast-deep-equal set size:undefined disposed:false
374 http fetch GET 200 https://registry.npmjs.org/fast-json-stable-stringify 354ms (cache miss)
375 silly packumentCache full:https://registry.npmjs.org/fast-json-stable-stringify set size:undefined disposed:false
376 http fetch GET 200 https://registry.npmjs.org/json-schema-traverse 374ms (cache miss)
377 silly packumentCache full:https://registry.npmjs.org/json-schema-traverse set size:undefined disposed:false
378 http fetch GET 200 https://registry.npmjs.org/uri-js 426ms (cache miss)
379 silly packumentCache full:https://registry.npmjs.org/uri-js set size:undefined disposed:false
380 silly placeDep ROOT fast-deep-equal@3.1.3 OK for: ajv@6.12.6 want: ^3.1.1
381 silly placeDep ROOT fast-json-stable-stringify@2.1.0 OK for: ajv@6.12.6 want: ^2.0.0
382 silly placeDep ROOT json-schema-traverse@0.4.1 OK for: ajv@6.12.6 want: ^0.4.1
383 silly placeDep ROOT uri-js@4.4.1 OK for: ajv@6.12.6 want: ^4.2.2
384 silly fetch manifest punycode@^2.1.0
385 silly packumentCache full:https://registry.npmjs.org/punycode cache-miss
386 http fetch GET 200 https://registry.npmjs.org/punycode 108ms (cache miss)
387 silly packumentCache full:https://registry.npmjs.org/punycode set size:undefined disposed:false
388 silly placeDep ROOT @jridgewell/trace-mapping@0.3.25 OK for: terser-webpack-plugin@5.3.10 want: ^0.3.20
389 silly placeDep ROOT jest-worker@27.5.1 OK for: terser-webpack-plugin@5.3.10 want: ^27.4.5
390 silly placeDep ROOT serialize-javascript@6.0.2 OK for: terser-webpack-plugin@5.3.10 want: ^6.0.1
391 silly placeDep ROOT terser@5.31.6 OK for: terser-webpack-plugin@5.3.10 want: ^5.26.0
392 silly fetch manifest @jridgewell/resolve-uri@^3.1.0
393 silly packumentCache full:https://registry.npmjs.org/@jridgewell%2fresolve-uri cache-miss
394 silly fetch manifest @jridgewell/sourcemap-codec@^1.4.14
395 silly packumentCache full:https://registry.npmjs.org/@jridgewell%2fsourcemap-codec cache-miss
396 silly fetch manifest @types/node@*
397 silly packumentCache full:https://registry.npmjs.org/@types%2fnode cache-miss
398 silly fetch manifest merge-stream@^2.0.0
399 silly packumentCache full:https://registry.npmjs.org/merge-stream cache-miss
400 silly fetch manifest supports-color@^8.0.0
401 silly packumentCache full:https://registry.npmjs.org/supports-color cache-miss
402 silly fetch manifest randombytes@^2.1.0
403 silly packumentCache full:https://registry.npmjs.org/randombytes cache-miss
404 silly fetch manifest @jridgewell/source-map@^0.3.3
405 silly packumentCache full:https://registry.npmjs.org/@jridgewell%2fsource-map cache-miss
406 http fetch GET 200 https://registry.npmjs.org/merge-stream 113ms (cache miss)
407 silly packumentCache full:https://registry.npmjs.org/merge-stream set size:undefined disposed:false
408 silly fetch manifest commander@^2.20.0
409 silly packumentCache full:https://registry.npmjs.org/commander cache-miss
410 http fetch GET 200 https://registry.npmjs.org/supports-color 147ms (cache miss)
411 silly packumentCache full:https://registry.npmjs.org/supports-color set size:undefined disposed:false
412 silly fetch manifest source-map-support@~0.5.20
413 silly packumentCache full:https://registry.npmjs.org/source-map-support cache-miss
414 http fetch GET 200 https://registry.npmjs.org/commander 68ms (cache hit)
415 silly packumentCache full:https://registry.npmjs.org/commander set size:942287 disposed:false
416 http fetch GET 200 https://registry.npmjs.org/randombytes 239ms (cache miss)
417 silly packumentCache full:https://registry.npmjs.org/randombytes set size:undefined disposed:false
418 http fetch GET 200 https://registry.npmjs.org/@jridgewell%2fsource-map 263ms (cache miss)
419 silly packumentCache full:https://registry.npmjs.org/@jridgewell%2fsource-map set size:undefined disposed:false
420 http fetch GET 200 https://registry.npmjs.org/@jridgewell%2fresolve-uri 300ms (cache miss)
421 silly packumentCache full:https://registry.npmjs.org/@jridgewell%2fresolve-uri set size:undefined disposed:false
422 http fetch GET 200 https://registry.npmjs.org/source-map-support 191ms (cache miss)
423 silly packumentCache full:https://registry.npmjs.org/source-map-support set size:undefined disposed:false
424 http fetch GET 200 https://registry.npmjs.org/@types%2fnode 636ms (cache miss)
425 silly packumentCache full:https://registry.npmjs.org/@types%2fnode set size:undefined disposed:false
426 http fetch GET 200 https://registry.npmjs.org/@jridgewell%2fsourcemap-codec 943ms (cache miss)
427 silly packumentCache full:https://registry.npmjs.org/@jridgewell%2fsourcemap-codec set size:undefined disposed:false
428 silly placeDep ROOT @jridgewell/resolve-uri@3.1.2 OK for: @jridgewell/trace-mapping@0.3.25 want: ^3.1.0
429 silly placeDep ROOT @jridgewell/sourcemap-codec@1.5.0 OK for: @jridgewell/trace-mapping@0.3.25 want: ^1.4.14
430 silly placeDep ROOT @types/node@22.5.2 OK for: jest-worker@27.5.1 want: *
431 silly placeDep ROOT merge-stream@2.0.0 OK for: jest-worker@27.5.1 want: ^2.0.0
432 silly placeDep ROOT supports-color@8.1.1 OK for: jest-worker@27.5.1 want: ^8.0.0
433 silly fetch manifest undici-types@~6.19.2
434 silly packumentCache full:https://registry.npmjs.org/undici-types cache-miss
435 silly fetch manifest has-flag@^4.0.0
436 silly packumentCache full:https://registry.npmjs.org/has-flag cache-miss
437 http fetch GET 200 https://registry.npmjs.org/undici-types 181ms (cache miss)
438 silly packumentCache full:https://registry.npmjs.org/undici-types set size:undefined disposed:false
439 http fetch GET 200 https://registry.npmjs.org/has-flag 182ms (cache miss)
440 silly packumentCache full:https://registry.npmjs.org/has-flag set size:undefined disposed:false
441 silly placeDep ROOT undici-types@6.19.8 OK for: @types/node@22.5.2 want: ~6.19.2
442 silly placeDep ROOT randombytes@2.1.0 OK for: serialize-javascript@6.0.2 want: ^2.1.0
443 silly fetch manifest safe-buffer@^5.1.0
444 silly packumentCache full:https://registry.npmjs.org/safe-buffer cache-miss
445 http fetch GET 200 https://registry.npmjs.org/safe-buffer 82ms (cache miss)
446 silly packumentCache full:https://registry.npmjs.org/safe-buffer set size:undefined disposed:false
447 silly placeDep ROOT safe-buffer@5.2.1 OK for: randombytes@2.1.0 want: ^5.1.0
448 silly placeDep ROOT has-flag@4.0.0 OK for: supports-color@8.1.1 want: ^4.0.0
449 silly placeDep ROOT @jridgewell/source-map@0.3.6 OK for: terser@5.31.6 want: ^0.3.3
450 silly placeDep ROOT commander@2.20.3 OK for: terser@5.31.6 want: ^2.20.0
451 silly placeDep ROOT source-map-support@0.5.21 OK for: terser@5.31.6 want: ~0.5.20
452 silly fetch manifest @jridgewell/gen-mapping@^0.3.5
453 silly packumentCache full:https://registry.npmjs.org/@jridgewell%2fgen-mapping cache-miss
454 silly fetch manifest buffer-from@^1.0.0
455 silly packumentCache full:https://registry.npmjs.org/buffer-from cache-miss
456 silly fetch manifest source-map@^0.6.0
457 silly packumentCache full:https://registry.npmjs.org/source-map cache-miss
458 http fetch GET 200 https://registry.npmjs.org/buffer-from 96ms (cache miss)
459 silly packumentCache full:https://registry.npmjs.org/buffer-from set size:undefined disposed:false
460 http fetch GET 200 https://registry.npmjs.org/source-map 97ms (cache miss)
461 silly packumentCache full:https://registry.npmjs.org/source-map set size:undefined disposed:false
462 http fetch GET 200 https://registry.npmjs.org/@jridgewell%2fgen-mapping 140ms (cache miss)
463 silly packumentCache full:https://registry.npmjs.org/@jridgewell%2fgen-mapping set size:undefined disposed:false
464 silly placeDep ROOT @jridgewell/gen-mapping@0.3.5 OK for: @jridgewell/source-map@0.3.6 want: ^0.3.5
465 silly fetch manifest @jridgewell/set-array@^1.2.1
466 silly packumentCache full:https://registry.npmjs.org/@jridgewell%2fset-array cache-miss
467 http fetch GET 200 https://registry.npmjs.org/@jridgewell%2fset-array 148ms (cache miss)
468 silly packumentCache full:https://registry.npmjs.org/@jridgewell%2fset-array set size:undefined disposed:false
469 silly placeDep ROOT @jridgewell/set-array@1.2.1 OK for: @jridgewell/gen-mapping@0.3.5 want: ^1.2.1
470 silly placeDep ROOT buffer-from@1.1.2 OK for: source-map-support@0.5.21 want: ^1.0.0
471 silly placeDep ROOT source-map@0.6.1 OK for: source-map-support@0.5.21 want: ^0.6.0
472 silly placeDep ROOT escalade@3.2.0 OK for: update-browserslist-db@1.1.0 want: ^3.1.2
473 silly placeDep ROOT picocolors@1.0.1 OK for: update-browserslist-db@1.1.0 want: ^1.0.1
474 silly placeDep ROOT punycode@2.3.1 OK for: uri-js@4.4.1 want: ^2.1.0
475 silly fetch manifest webpack@5.x.x
476 silly packumentCache full:https://registry.npmjs.org/webpack cache-miss
477 http fetch GET 200 https://registry.npmjs.org/webpack 36ms (cache hit)
478 silly packumentCache full:https://registry.npmjs.org/webpack set size:4671363 disposed:false
479 silly fetch manifest webpack-cli@5.x.x
480 silly packumentCache full:https://registry.npmjs.org/webpack-cli cache-miss
481 http fetch GET 200 https://registry.npmjs.org/webpack-cli 31ms (cache hit)
482 silly packumentCache full:https://registry.npmjs.org/webpack-cli set size:827602 disposed:false
483 silly placeDep ROOT @discoveryjs/json-ext@0.5.7 OK for: webpack-cli@5.1.4 want: ^0.5.0
484 silly placeDep ROOT @webpack-cli/configtest@2.1.1 OK for: webpack-cli@5.1.4 want: ^2.1.1
485 silly placeDep ROOT @webpack-cli/info@2.0.2 OK for: webpack-cli@5.1.4 want: ^2.0.2
486 silly placeDep ROOT @webpack-cli/serve@2.0.5 OK for: webpack-cli@5.1.4 want: ^2.0.5
487 silly placeDep ROOT colorette@2.0.20 OK for: webpack-cli@5.1.4 want: ^2.0.14
488 silly placeDep node_modules/webpack-cli commander@10.0.1 OK for: webpack-cli@5.1.4 want: ^10.0.1
489 silly placeDep ROOT cross-spawn@7.0.3 OK for: webpack-cli@5.1.4 want: ^7.0.3
490 silly placeDep ROOT envinfo@7.13.0 OK for: webpack-cli@5.1.4 want: ^7.7.3
491 silly placeDep ROOT fastest-levenshtein@1.0.16 OK for: webpack-cli@5.1.4 want: ^1.0.12
492 silly placeDep ROOT import-local@3.2.0 OK for: webpack-cli@5.1.4 want: ^3.0.2
493 silly placeDep ROOT interpret@3.1.1 OK for: webpack-cli@5.1.4 want: ^3.1.1
494 silly placeDep ROOT rechoir@0.8.0 OK for: webpack-cli@5.1.4 want: ^0.8.0
495 silly placeDep ROOT webpack-merge@5.10.0 OK for: webpack-cli@5.1.4 want: ^5.7.3
496 silly fetch manifest path-key@^3.1.0
497 silly packumentCache full:https://registry.npmjs.org/path-key cache-miss
498 silly fetch manifest shebang-command@^2.0.0
499 silly packumentCache full:https://registry.npmjs.org/shebang-command cache-miss
500 silly fetch manifest which@^2.0.1
501 silly packumentCache full:https://registry.npmjs.org/which cache-miss
502 silly fetch manifest pkg-dir@^4.2.0
503 silly packumentCache full:https://registry.npmjs.org/pkg-dir cache-miss
504 silly fetch manifest resolve-cwd@^3.0.0
505 silly packumentCache full:https://registry.npmjs.org/resolve-cwd cache-miss
506 silly fetch manifest resolve@^1.20.0
507 silly packumentCache full:https://registry.npmjs.org/resolve cache-miss
508 silly fetch manifest flat@^5.0.2
509 silly packumentCache full:https://registry.npmjs.org/flat cache-miss
510 http fetch GET 200 https://registry.npmjs.org/path-key 106ms (cache miss)
511 silly packumentCache full:https://registry.npmjs.org/path-key set size:undefined disposed:false
512 silly fetch manifest wildcard@^2.0.0
513 silly packumentCache full:https://registry.npmjs.org/wildcard cache-miss
514 http fetch GET 200 https://registry.npmjs.org/shebang-command 122ms (cache miss)
515 silly packumentCache full:https://registry.npmjs.org/shebang-command set size:undefined disposed:false
516 silly fetch manifest clone-deep@^4.0.1
517 silly packumentCache full:https://registry.npmjs.org/clone-deep cache-miss
518 http fetch GET 200 https://registry.npmjs.org/which 132ms (cache miss)
519 silly packumentCache full:https://registry.npmjs.org/which set size:undefined disposed:false
520 http fetch GET 200 https://registry.npmjs.org/resolve-cwd 180ms (cache miss)
521 silly packumentCache full:https://registry.npmjs.org/resolve-cwd set size:undefined disposed:false
522 http fetch GET 200 https://registry.npmjs.org/resolve 186ms (cache miss)
523 silly packumentCache full:https://registry.npmjs.org/resolve set size:undefined disposed:false
524 http fetch GET 200 https://registry.npmjs.org/pkg-dir 222ms (cache miss)
525 silly packumentCache full:https://registry.npmjs.org/pkg-dir set size:undefined disposed:false
526 http fetch GET 200 https://registry.npmjs.org/flat 220ms (cache miss)
527 silly packumentCache full:https://registry.npmjs.org/flat set size:undefined disposed:false
528 http fetch GET 200 https://registry.npmjs.org/wildcard 180ms (cache miss)
529 silly packumentCache full:https://registry.npmjs.org/wildcard set size:undefined disposed:false
530 http fetch GET 200 https://registry.npmjs.org/clone-deep 156ms (cache miss)
531 silly packumentCache full:https://registry.npmjs.org/clone-deep set size:undefined disposed:false
532 silly placeDep ROOT path-key@3.1.1 OK for: cross-spawn@7.0.3 want: ^3.1.0
533 silly placeDep ROOT shebang-command@2.0.0 OK for: cross-spawn@7.0.3 want: ^2.0.0
534 silly placeDep ROOT which@2.0.2 OK for: cross-spawn@7.0.3 want: ^2.0.1
535 silly fetch manifest shebang-regex@^3.0.0
536 silly packumentCache full:https://registry.npmjs.org/shebang-regex cache-miss
537 silly fetch manifest isexe@^2.0.0
538 silly packumentCache full:https://registry.npmjs.org/isexe cache-miss
539 http fetch GET 200 https://registry.npmjs.org/shebang-regex 114ms (cache miss)
540 silly packumentCache full:https://registry.npmjs.org/shebang-regex set size:undefined disposed:false
541 http fetch GET 200 https://registry.npmjs.org/isexe 150ms (cache miss)
542 silly packumentCache full:https://registry.npmjs.org/isexe set size:undefined disposed:false
543 silly placeDep ROOT pkg-dir@4.2.0 OK for: import-local@3.2.0 want: ^4.2.0
544 silly placeDep ROOT resolve-cwd@3.0.0 OK for: import-local@3.2.0 want: ^3.0.0
545 silly fetch manifest find-up@^4.0.0
546 silly packumentCache full:https://registry.npmjs.org/find-up cache-miss
547 silly fetch manifest resolve-from@^5.0.0
548 silly packumentCache full:https://registry.npmjs.org/resolve-from cache-miss
549 http fetch GET 200 https://registry.npmjs.org/resolve-from 107ms (cache miss)
550 silly packumentCache full:https://registry.npmjs.org/resolve-from set size:undefined disposed:false
551 http fetch GET 200 https://registry.npmjs.org/find-up 113ms (cache miss)
552 silly packumentCache full:https://registry.npmjs.org/find-up set size:undefined disposed:false
553 silly placeDep ROOT find-up@4.1.0 OK for: pkg-dir@4.2.0 want: ^4.0.0
554 silly fetch manifest locate-path@^5.0.0
555 silly packumentCache full:https://registry.npmjs.org/locate-path cache-miss
556 silly fetch manifest path-exists@^4.0.0
557 silly packumentCache full:https://registry.npmjs.org/path-exists cache-miss
558 http fetch GET 200 https://registry.npmjs.org/locate-path 88ms (cache miss)
559 silly packumentCache full:https://registry.npmjs.org/locate-path set size:undefined disposed:false
560 http fetch GET 200 https://registry.npmjs.org/path-exists 103ms (cache miss)
561 silly packumentCache full:https://registry.npmjs.org/path-exists set size:undefined disposed:false
562 silly placeDep ROOT locate-path@5.0.0 OK for: find-up@4.1.0 want: ^5.0.0
563 silly placeDep ROOT path-exists@4.0.0 OK for: find-up@4.1.0 want: ^4.0.0
564 silly fetch manifest p-locate@^4.1.0
565 silly packumentCache full:https://registry.npmjs.org/p-locate cache-miss
566 http fetch GET 200 https://registry.npmjs.org/p-locate 150ms (cache miss)
567 silly packumentCache full:https://registry.npmjs.org/p-locate set size:undefined disposed:false
568 silly placeDep ROOT p-locate@4.1.0 OK for: locate-path@5.0.0 want: ^4.1.0
569 silly fetch manifest p-limit@^2.2.0
570 silly packumentCache full:https://registry.npmjs.org/p-limit cache-miss
571 http fetch GET 200 https://registry.npmjs.org/p-limit 172ms (cache miss)
572 silly packumentCache full:https://registry.npmjs.org/p-limit set size:undefined disposed:false
573 silly placeDep ROOT p-limit@2.3.0 OK for: p-locate@4.1.0 want: ^2.2.0
574 silly fetch manifest p-try@^2.0.0
575 silly packumentCache full:https://registry.npmjs.org/p-try cache-miss
576 http fetch GET 200 https://registry.npmjs.org/p-try 128ms (cache miss)
577 silly packumentCache full:https://registry.npmjs.org/p-try set size:undefined disposed:false
578 silly placeDep ROOT p-try@2.2.0 OK for: p-limit@2.3.0 want: ^2.0.0
579 silly placeDep ROOT resolve@1.22.8 OK for: rechoir@0.8.0 want: ^1.20.0
580 silly fetch manifest is-core-module@^2.13.0
581 silly packumentCache full:https://registry.npmjs.org/is-core-module cache-miss
582 silly fetch manifest path-parse@^1.0.7
583 silly packumentCache full:https://registry.npmjs.org/path-parse cache-miss
584 silly fetch manifest supports-preserve-symlinks-flag@^1.0.0
585 silly packumentCache full:https://registry.npmjs.org/supports-preserve-symlinks-flag cache-miss
586 http fetch GET 200 https://registry.npmjs.org/path-parse 83ms (cache miss)
587 silly packumentCache full:https://registry.npmjs.org/path-parse set size:undefined disposed:false
588 http fetch GET 200 https://registry.npmjs.org/supports-preserve-symlinks-flag 83ms (cache miss)
589 silly packumentCache full:https://registry.npmjs.org/supports-preserve-symlinks-flag set size:undefined disposed:false
590 http fetch GET 200 https://registry.npmjs.org/is-core-module 92ms (cache miss)
591 silly packumentCache full:https://registry.npmjs.org/is-core-module set size:undefined disposed:false
592 silly placeDep ROOT is-core-module@2.15.1 OK for: resolve@1.22.8 want: ^2.13.0
593 silly placeDep ROOT path-parse@1.0.7 OK for: resolve@1.22.8 want: ^1.0.7
594 silly placeDep ROOT supports-preserve-symlinks-flag@1.0.0 OK for: resolve@1.22.8 want: ^1.0.0
595 silly fetch manifest hasown@^2.0.2
596 silly packumentCache full:https://registry.npmjs.org/hasown cache-miss
597 http fetch GET 200 https://registry.npmjs.org/hasown 88ms (cache miss)
598 silly packumentCache full:https://registry.npmjs.org/hasown set size:undefined disposed:false
599 silly placeDep ROOT hasown@2.0.2 OK for: is-core-module@2.15.1 want: ^2.0.2
600 silly fetch manifest function-bind@^1.1.2
601 silly packumentCache full:https://registry.npmjs.org/function-bind cache-miss
602 http fetch GET 200 https://registry.npmjs.org/function-bind 80ms (cache miss)
603 silly packumentCache full:https://registry.npmjs.org/function-bind set size:undefined disposed:false
604 silly placeDep ROOT function-bind@1.1.2 OK for: hasown@2.0.2 want: ^1.1.2
605 silly placeDep ROOT resolve-from@5.0.0 OK for: resolve-cwd@3.0.0 want: ^5.0.0
606 silly placeDep ROOT shebang-regex@3.0.0 OK for: shebang-command@2.0.0 want: ^3.0.0
607 silly placeDep ROOT clone-deep@4.0.1 OK for: webpack-merge@5.10.0 want: ^4.0.1
608 silly placeDep ROOT flat@5.0.2 OK for: webpack-merge@5.10.0 want: ^5.0.2
609 silly placeDep ROOT wildcard@2.0.1 OK for: webpack-merge@5.10.0 want: ^2.0.0
610 silly fetch manifest is-plain-object@^2.0.4
611 silly packumentCache full:https://registry.npmjs.org/is-plain-object cache-miss
612 silly fetch manifest kind-of@^6.0.2
613 silly packumentCache full:https://registry.npmjs.org/kind-of cache-miss
614 silly fetch manifest shallow-clone@^3.0.0
615 silly packumentCache full:https://registry.npmjs.org/shallow-clone cache-miss
616 http fetch GET 200 https://registry.npmjs.org/kind-of 93ms (cache miss)
617 silly packumentCache full:https://registry.npmjs.org/kind-of set size:undefined disposed:false
618 http fetch GET 200 https://registry.npmjs.org/is-plain-object 116ms (cache miss)
619 silly packumentCache full:https://registry.npmjs.org/is-plain-object set size:undefined disposed:false
620 http fetch GET 200 https://registry.npmjs.org/shallow-clone 139ms (cache miss)
621 silly packumentCache full:https://registry.npmjs.org/shallow-clone set size:undefined disposed:false
622 silly placeDep ROOT is-plain-object@2.0.4 OK for: clone-deep@4.0.1 want: ^2.0.4
623 silly placeDep ROOT kind-of@6.0.3 OK for: clone-deep@4.0.1 want: ^6.0.2
624 silly placeDep ROOT shallow-clone@3.0.1 OK for: clone-deep@4.0.1 want: ^3.0.0
625 silly fetch manifest isobject@^3.0.1
626 silly packumentCache full:https://registry.npmjs.org/isobject cache-miss
627 http fetch GET 200 https://registry.npmjs.org/isobject 115ms (cache miss)
628 silly packumentCache full:https://registry.npmjs.org/isobject set size:undefined disposed:false
629 silly placeDep ROOT isobject@3.0.1 OK for: is-plain-object@2.0.4 want: ^3.0.1
630 silly placeDep ROOT isexe@2.0.0 OK for: which@2.0.2 want: ^2.0.0
631 silly reify moves {}
632 silly audit bulk request {
632 silly audit   papaparse: [ '5.4.1' ],
632 silly audit   webpack: [ '5.94.0' ],
632 silly audit   'webpack-cli': [ '5.1.4' ],
632 silly audit   '@types/estree': [ '1.0.5' ],
632 silly audit   '@webassemblyjs/ast': [ '1.12.1' ],
632 silly audit   '@webassemblyjs/wasm-edit': [ '1.12.1' ],
632 silly audit   '@webassemblyjs/wasm-parser': [ '1.12.1' ],
632 silly audit   acorn: [ '8.12.1' ],
632 silly audit   'acorn-import-attributes': [ '1.9.5' ],
632 silly audit   browserslist: [ '4.23.3' ],
632 silly audit   'chrome-trace-event': [ '1.0.4' ],
632 silly audit   'enhanced-resolve': [ '5.17.1' ],
632 silly audit   'es-module-lexer': [ '1.5.4' ],
632 silly audit   'eslint-scope': [ '5.1.1' ],
632 silly audit   events: [ '3.3.0' ],
632 silly audit   'glob-to-regexp': [ '0.4.1' ],
632 silly audit   'graceful-fs': [ '4.2.11' ],
632 silly audit   'json-parse-even-better-errors': [ '2.3.1' ],
632 silly audit   'loader-runner': [ '4.3.0' ],
632 silly audit   'mime-types': [ '2.1.35' ],
632 silly audit   'neo-async': [ '2.6.2' ],
632 silly audit   'schema-utils': [ '3.3.0' ],
632 silly audit   tapable: [ '2.2.1' ],
632 silly audit   'terser-webpack-plugin': [ '5.3.10' ],
632 silly audit   watchpack: [ '2.4.2' ],
632 silly audit   'webpack-sources': [ '3.2.3' ],
632 silly audit   '@webassemblyjs/helper-numbers': [ '1.11.6' ],
632 silly audit   '@webassemblyjs/helper-wasm-bytecode': [ '1.11.6' ],
632 silly audit   '@webassemblyjs/floating-point-hex-parser': [ '1.11.6' ],
632 silly audit   '@webassemblyjs/helper-api-error': [ '1.11.6' ],
632 silly audit   '@xtuc/long': [ '4.2.2' ],
632 silly audit   '@webassemblyjs/helper-buffer': [ '1.12.1' ],
632 silly audit   '@webassemblyjs/helper-wasm-section': [ '1.12.1' ],
632 silly audit   '@webassemblyjs/wasm-gen': [ '1.12.1' ],
632 silly audit   '@webassemblyjs/wasm-opt': [ '1.12.1' ],
632 silly audit   '@webassemblyjs/wast-printer': [ '1.12.1' ],
632 silly audit   '@webassemblyjs/ieee754': [ '1.11.6' ],
632 silly audit   '@webassemblyjs/leb128': [ '1.11.6' ],
632 silly audit   '@webassemblyjs/utf8': [ '1.11.6' ],
632 silly audit   '@xtuc/ieee754': [ '1.2.0' ],
632 silly audit   'caniuse-lite': [ '1.0.30001655' ],
632 silly audit   'electron-to-chromium': [ '1.5.13' ],
632 silly audit   'node-releases': [ '2.0.18' ],
632 silly audit   'update-browserslist-db': [ '1.1.0' ],
632 silly audit   esrecurse: [ '4.3.0' ],
632 silly audit   estraverse: [ '4.3.0', '5.3.0' ],
632 silly audit   'mime-db': [ '1.52.0' ],
632 silly audit   '@types/json-schema': [ '7.0.15' ],
632 silly audit   ajv: [ '6.12.6' ],
632 silly audit   'ajv-keywords': [ '3.5.2' ],
632 silly audit   'fast-deep-equal': [ '3.1.3' ],
632 silly audit   'fast-json-stable-stringify': [ '2.1.0' ],
632 silly audit   'json-schema-traverse': [ '0.4.1' ],
632 silly audit   'uri-js': [ '4.4.1' ],
632 silly audit   '@jridgewell/trace-mapping': [ '0.3.25' ],
632 silly audit   'jest-worker': [ '27.5.1' ],
632 silly audit   'serialize-javascript': [ '6.0.2' ],
632 silly audit   terser: [ '5.31.6' ],
632 silly audit   '@jridgewell/resolve-uri': [ '3.1.2' ],
632 silly audit   '@jridgewell/sourcemap-codec': [ '1.5.0' ],
632 silly audit   '@types/node': [ '22.5.2' ],
632 silly audit   'merge-stream': [ '2.0.0' ],
632 silly audit   'supports-color': [ '8.1.1' ],
632 silly audit   'undici-types': [ '6.19.8' ],
632 silly audit   randombytes: [ '2.1.0' ],
632 silly audit   'safe-buffer': [ '5.2.1' ],
632 silly audit   'has-flag': [ '4.0.0' ],
632 silly audit   '@jridgewell/source-map': [ '0.3.6' ],
632 silly audit   commander: [ '2.20.3', '10.0.1' ],
632 silly audit   'source-map-support': [ '0.5.21' ],
632 silly audit   '@jridgewell/gen-mapping': [ '0.3.5' ],
632 silly audit   '@jridgewell/set-array': [ '1.2.1' ],
632 silly audit   'buffer-from': [ '1.1.2' ],
632 silly audit   'source-map': [ '0.6.1' ],
632 silly audit   escalade: [ '3.2.0' ],
632 silly audit   picocolors: [ '1.0.1' ],
632 silly audit   punycode: [ '2.3.1' ],
632 silly audit   '@discoveryjs/json-ext': [ '0.5.7' ],
632 silly audit   '@webpack-cli/configtest': [ '2.1.1' ],
632 silly audit   '@webpack-cli/info': [ '2.0.2' ],
632 silly audit   '@webpack-cli/serve': [ '2.0.5' ],
632 silly audit   colorette: [ '2.0.20' ],
632 silly audit   'cross-spawn': [ '7.0.3' ],
632 silly audit   envinfo: [ '7.13.0' ],
632 silly audit   'fastest-levenshtein': [ '1.0.16' ],
632 silly audit   'import-local': [ '3.2.0' ],
632 silly audit   interpret: [ '3.1.1' ],
632 silly audit   rechoir: [ '0.8.0' ],
632 silly audit   'webpack-merge': [ '5.10.0' ],
632 silly audit   'path-key': [ '3.1.1' ],
632 silly audit   'shebang-command': [ '2.0.0' ],
632 silly audit   which: [ '2.0.2' ],
632 silly audit   'pkg-dir': [ '4.2.0' ],
632 silly audit   'resolve-cwd': [ '3.0.0' ],
632 silly audit   'find-up': [ '4.1.0' ],
632 silly audit   'locate-path': [ '5.0.0' ],
632 silly audit   'path-exists': [ '4.0.0' ],
632 silly audit   'p-locate': [ '4.1.0' ],
632 silly audit   'p-limit': [ '2.3.0' ],
632 silly audit   'p-try': [ '2.2.0' ],
632 silly audit   resolve: [ '1.22.8' ],
632 silly audit   'is-core-module': [ '2.15.1' ],
632 silly audit   'path-parse': [ '1.0.7' ],
632 silly audit   'supports-preserve-symlinks-flag': [ '1.0.0' ],
632 silly audit   hasown: [ '2.0.2' ],
632 silly audit   'function-bind': [ '1.1.2' ],
632 silly audit   'resolve-from': [ '5.0.0' ],
632 silly audit   'shebang-regex': [ '3.0.0' ],
632 silly audit   'clone-deep': [ '4.0.1' ],
632 silly audit   flat: [ '5.0.2' ],
632 silly audit   wildcard: [ '2.0.1' ],
632 silly audit   'is-plain-object': [ '2.0.4' ],
632 silly audit   'kind-of': [ '6.0.3' ],
632 silly audit   'shallow-clone': [ '3.0.1' ],
632 silly audit   isobject: [ '3.0.1' ],
632 silly audit   isexe: [ '2.0.0' ]
632 silly audit }
633 silly tarball no local data for isexe@https://registry.npmjs.org/isexe/-/isexe-2.0.0.tgz. Extracting by manifest.
634 silly tarball no local data for isobject@https://registry.npmjs.org/isobject/-/isobject-3.0.1.tgz. Extracting by manifest.
635 silly tarball no local data for kind-of@https://registry.npmjs.org/kind-of/-/kind-of-6.0.3.tgz. Extracting by manifest.
636 silly tarball no local data for shallow-clone@https://registry.npmjs.org/shallow-clone/-/shallow-clone-3.0.1.tgz. Extracting by manifest.
637 silly tarball no local data for is-plain-object@https://registry.npmjs.org/is-plain-object/-/is-plain-object-2.0.4.tgz. Extracting by manifest.
638 silly tarball no local data for wildcard@https://registry.npmjs.org/wildcard/-/wildcard-2.0.1.tgz. Extracting by manifest.
639 silly tarball no local data for flat@https://registry.npmjs.org/flat/-/flat-5.0.2.tgz. Extracting by manifest.
640 silly tarball no local data for shebang-regex@https://registry.npmjs.org/shebang-regex/-/shebang-regex-3.0.0.tgz. Extracting by manifest.
641 silly tarball no local data for function-bind@https://registry.npmjs.org/function-bind/-/function-bind-1.1.2.tgz. Extracting by manifest.
642 silly tarball no local data for resolve-from@https://registry.npmjs.org/resolve-from/-/resolve-from-5.0.0.tgz. Extracting by manifest.
643 silly tarball no local data for path-parse@https://registry.npmjs.org/path-parse/-/path-parse-1.0.7.tgz. Extracting by manifest.
644 silly tarball no local data for clone-deep@https://registry.npmjs.org/clone-deep/-/clone-deep-4.0.1.tgz. Extracting by manifest.
645 silly tarball no local data for supports-preserve-symlinks-flag@https://registry.npmjs.org/supports-preserve-symlinks-flag/-/supports-preserve-symlinks-flag-1.0.0.tgz. Extracting by manifest.
646 silly tarball no local data for is-core-module@https://registry.npmjs.org/is-core-module/-/is-core-module-2.15.1.tgz. Extracting by manifest.
647 silly tarball no local data for hasown@https://registry.npmjs.org/hasown/-/hasown-2.0.2.tgz. Extracting by manifest.
648 silly tarball no local data for resolve@https://registry.npmjs.org/resolve/-/resolve-1.22.8.tgz. Extracting by manifest.
649 silly tarball no local data for p-try@https://registry.npmjs.org/p-try/-/p-try-2.2.0.tgz. Extracting by manifest.
650 silly tarball no local data for p-limit@https://registry.npmjs.org/p-limit/-/p-limit-2.3.0.tgz. Extracting by manifest.
651 silly tarball no local data for p-locate@https://registry.npmjs.org/p-locate/-/p-locate-4.1.0.tgz. Extracting by manifest.
652 silly tarball no local data for path-exists@https://registry.npmjs.org/path-exists/-/path-exists-4.0.0.tgz. Extracting by manifest.
653 silly tarball no local data for locate-path@https://registry.npmjs.org/locate-path/-/locate-path-5.0.0.tgz. Extracting by manifest.
654 silly tarball no local data for find-up@https://registry.npmjs.org/find-up/-/find-up-4.1.0.tgz. Extracting by manifest.
655 silly tarball no local data for resolve-cwd@https://registry.npmjs.org/resolve-cwd/-/resolve-cwd-3.0.0.tgz. Extracting by manifest.
656 silly tarball no local data for pkg-dir@https://registry.npmjs.org/pkg-dir/-/pkg-dir-4.2.0.tgz. Extracting by manifest.
657 silly tarball no local data for which@https://registry.npmjs.org/which/-/which-2.0.2.tgz. Extracting by manifest.
658 silly tarball no local data for shebang-command@https://registry.npmjs.org/shebang-command/-/shebang-command-2.0.0.tgz. Extracting by manifest.
659 silly tarball no local data for webpack-merge@https://registry.npmjs.org/webpack-merge/-/webpack-merge-5.10.0.tgz. Extracting by manifest.
660 silly tarball no local data for path-key@https://registry.npmjs.org/path-key/-/path-key-3.1.1.tgz. Extracting by manifest.
661 silly tarball no local data for rechoir@https://registry.npmjs.org/rechoir/-/rechoir-0.8.0.tgz. Extracting by manifest.
662 silly tarball no local data for interpret@https://registry.npmjs.org/interpret/-/interpret-3.1.1.tgz. Extracting by manifest.
663 silly tarball no local data for import-local@https://registry.npmjs.org/import-local/-/import-local-3.2.0.tgz. Extracting by manifest.
664 silly tarball no local data for envinfo@https://registry.npmjs.org/envinfo/-/envinfo-7.13.0.tgz. Extracting by manifest.
665 silly tarball no local data for fastest-levenshtein@https://registry.npmjs.org/fastest-levenshtein/-/fastest-levenshtein-1.0.16.tgz. Extracting by manifest.
666 silly tarball no local data for cross-spawn@https://registry.npmjs.org/cross-spawn/-/cross-spawn-7.0.3.tgz. Extracting by manifest.
667 silly tarball no local data for colorette@https://registry.npmjs.org/colorette/-/colorette-2.0.20.tgz. Extracting by manifest.
668 silly tarball no local data for @webpack-cli/serve@https://registry.npmjs.org/@webpack-cli/serve/-/serve-2.0.5.tgz. Extracting by manifest.
669 silly tarball no local data for @webpack-cli/info@https://registry.npmjs.org/@webpack-cli/info/-/info-2.0.2.tgz. Extracting by manifest.
670 silly tarball no local data for @webpack-cli/configtest@https://registry.npmjs.org/@webpack-cli/configtest/-/configtest-2.1.1.tgz. Extracting by manifest.
671 silly tarball no local data for punycode@https://registry.npmjs.org/punycode/-/punycode-2.3.1.tgz. Extracting by manifest.
672 silly tarball no local data for @discoveryjs/json-ext@https://registry.npmjs.org/@discoveryjs/json-ext/-/json-ext-0.5.7.tgz. Extracting by manifest.
673 silly tarball no local data for picocolors@https://registry.npmjs.org/picocolors/-/picocolors-1.0.1.tgz. Extracting by manifest.
674 silly tarball no local data for escalade@https://registry.npmjs.org/escalade/-/escalade-3.2.0.tgz. Extracting by manifest.
675 silly tarball no local data for source-map@https://registry.npmjs.org/source-map/-/source-map-0.6.1.tgz. Extracting by manifest.
676 silly tarball no local data for buffer-from@https://registry.npmjs.org/buffer-from/-/buffer-from-1.1.2.tgz. Extracting by manifest.
677 silly tarball no local data for @jridgewell/set-array@https://registry.npmjs.org/@jridgewell/set-array/-/set-array-1.2.1.tgz. Extracting by manifest.
678 silly tarball no local data for @jridgewell/gen-mapping@https://registry.npmjs.org/@jridgewell/gen-mapping/-/gen-mapping-0.3.5.tgz. Extracting by manifest.
679 silly tarball no local data for source-map-support@https://registry.npmjs.org/source-map-support/-/source-map-support-0.5.21.tgz. Extracting by manifest.
680 silly tarball no local data for commander@https://registry.npmjs.org/commander/-/commander-2.20.3.tgz. Extracting by manifest.
681 silly tarball no local data for @jridgewell/source-map@https://registry.npmjs.org/@jridgewell/source-map/-/source-map-0.3.6.tgz. Extracting by manifest.
682 silly tarball no local data for safe-buffer@https://registry.npmjs.org/safe-buffer/-/safe-buffer-5.2.1.tgz. Extracting by manifest.
683 silly tarball no local data for has-flag@https://registry.npmjs.org/has-flag/-/has-flag-4.0.0.tgz. Extracting by manifest.
684 silly tarball no local data for randombytes@https://registry.npmjs.org/randombytes/-/randombytes-2.1.0.tgz. Extracting by manifest.
685 silly tarball no local data for supports-color@https://registry.npmjs.org/supports-color/-/supports-color-8.1.1.tgz. Extracting by manifest.
686 silly tarball no local data for merge-stream@https://registry.npmjs.org/merge-stream/-/merge-stream-2.0.0.tgz. Extracting by manifest.
687 silly tarball no local data for @types/node@https://registry.npmjs.org/@types/node/-/node-22.5.2.tgz. Extracting by manifest.
688 silly tarball no local data for @jridgewell/sourcemap-codec@https://registry.npmjs.org/@jridgewell/sourcemap-codec/-/sourcemap-codec-1.5.0.tgz. Extracting by manifest.
689 silly tarball no local data for @jridgewell/resolve-uri@https://registry.npmjs.org/@jridgewell/resolve-uri/-/resolve-uri-3.1.2.tgz. Extracting by manifest.
690 silly tarball no local data for terser@https://registry.npmjs.org/terser/-/terser-5.31.6.tgz. Extracting by manifest.
691 silly tarball no local data for serialize-javascript@https://registry.npmjs.org/serialize-javascript/-/serialize-javascript-6.0.2.tgz. Extracting by manifest.
692 silly tarball no local data for @jridgewell/trace-mapping@https://registry.npmjs.org/@jridgewell/trace-mapping/-/trace-mapping-0.3.25.tgz. Extracting by manifest.
693 silly tarball no local data for jest-worker@https://registry.npmjs.org/jest-worker/-/jest-worker-27.5.1.tgz. Extracting by manifest.
694 silly tarball no local data for json-schema-traverse@https://registry.npmjs.org/json-schema-traverse/-/json-schema-traverse-0.4.1.tgz. Extracting by manifest.
695 silly tarball no local data for uri-js@https://registry.npmjs.org/uri-js/-/uri-js-4.4.1.tgz. Extracting by manifest.
696 silly tarball no local data for fast-json-stable-stringify@https://registry.npmjs.org/fast-json-stable-stringify/-/fast-json-stable-stringify-2.1.0.tgz. Extracting by manifest.
697 silly tarball no local data for undici-types@https://registry.npmjs.org/undici-types/-/undici-types-6.19.8.tgz. Extracting by manifest.
698 silly tarball no local data for @types/json-schema@https://registry.npmjs.org/@types/json-schema/-/json-schema-7.0.15.tgz. Extracting by manifest.
699 silly tarball no local data for fast-deep-equal@https://registry.npmjs.org/fast-deep-equal/-/fast-deep-equal-3.1.3.tgz. Extracting by manifest.
700 silly tarball no local data for ajv@https://registry.npmjs.org/ajv/-/ajv-6.12.6.tgz. Extracting by manifest.
701 silly tarball no local data for ajv-keywords@https://registry.npmjs.org/ajv-keywords/-/ajv-keywords-3.5.2.tgz. Extracting by manifest.
702 silly tarball no local data for estraverse@https://registry.npmjs.org/estraverse/-/estraverse-4.3.0.tgz. Extracting by manifest.
703 silly tarball no local data for esrecurse@https://registry.npmjs.org/esrecurse/-/esrecurse-4.3.0.tgz. Extracting by manifest.
704 silly tarball no local data for mime-db@https://registry.npmjs.org/mime-db/-/mime-db-1.52.0.tgz. Extracting by manifest.
705 silly tarball no local data for update-browserslist-db@https://registry.npmjs.org/update-browserslist-db/-/update-browserslist-db-1.1.0.tgz. Extracting by manifest.
706 silly tarball no local data for node-releases@https://registry.npmjs.org/node-releases/-/node-releases-2.0.18.tgz. Extracting by manifest.
707 silly tarball no local data for electron-to-chromium@https://registry.npmjs.org/electron-to-chromium/-/electron-to-chromium-1.5.13.tgz. Extracting by manifest.
708 silly tarball no local data for caniuse-lite@https://registry.npmjs.org/caniuse-lite/-/caniuse-lite-1.0.30001655.tgz. Extracting by manifest.
709 silly tarball no local data for @xtuc/ieee754@https://registry.npmjs.org/@xtuc/ieee754/-/ieee754-1.2.0.tgz. Extracting by manifest.
710 silly tarball no local data for @webassemblyjs/leb128@https://registry.npmjs.org/@webassemblyjs/leb128/-/leb128-1.11.6.tgz. Extracting by manifest.
711 silly tarball no local data for @webassemblyjs/utf8@https://registry.npmjs.org/@webassemblyjs/utf8/-/utf8-1.11.6.tgz. Extracting by manifest.
712 silly tarball no local data for @webassemblyjs/ieee754@https://registry.npmjs.org/@webassemblyjs/ieee754/-/ieee754-1.11.6.tgz. Extracting by manifest.
713 silly tarball no local data for @webassemblyjs/wast-printer@https://registry.npmjs.org/@webassemblyjs/wast-printer/-/wast-printer-1.12.1.tgz. Extracting by manifest.
714 silly tarball no local data for @webassemblyjs/wasm-opt@https://registry.npmjs.org/@webassemblyjs/wasm-opt/-/wasm-opt-1.12.1.tgz. Extracting by manifest.
715 silly tarball no local data for @webassemblyjs/wasm-gen@https://registry.npmjs.org/@webassemblyjs/wasm-gen/-/wasm-gen-1.12.1.tgz. Extracting by manifest.
716 silly tarball no local data for @webassemblyjs/helper-buffer@https://registry.npmjs.org/@webassemblyjs/helper-buffer/-/helper-buffer-1.12.1.tgz. Extracting by manifest.
717 silly tarball no local data for @webassemblyjs/helper-wasm-section@https://registry.npmjs.org/@webassemblyjs/helper-wasm-section/-/helper-wasm-section-1.12.1.tgz. Extracting by manifest.
718 silly tarball no local data for @webassemblyjs/helper-api-error@https://registry.npmjs.org/@webassemblyjs/helper-api-error/-/helper-api-error-1.11.6.tgz. Extracting by manifest.
719 silly tarball no local data for @xtuc/long@https://registry.npmjs.org/@xtuc/long/-/long-4.2.2.tgz. Extracting by manifest.
720 silly tarball no local data for @webassemblyjs/helper-wasm-bytecode@https://registry.npmjs.org/@webassemblyjs/helper-wasm-bytecode/-/helper-wasm-bytecode-1.11.6.tgz. Extracting by manifest.
721 silly tarball no local data for @webassemblyjs/floating-point-hex-parser@https://registry.npmjs.org/@webassemblyjs/floating-point-hex-parser/-/floating-point-hex-parser-1.11.6.tgz. Extracting by manifest.
722 silly tarball no local data for webpack-sources@https://registry.npmjs.org/webpack-sources/-/webpack-sources-3.2.3.tgz. Extracting by manifest.
723 silly tarball no local data for terser-webpack-plugin@https://registry.npmjs.org/terser-webpack-plugin/-/terser-webpack-plugin-5.3.10.tgz. Extracting by manifest.
724 silly tarball no local data for watchpack@https://registry.npmjs.org/watchpack/-/watchpack-2.4.2.tgz. Extracting by manifest.
725 silly tarball no local data for schema-utils@https://registry.npmjs.org/schema-utils/-/schema-utils-3.3.0.tgz. Extracting by manifest.
726 silly tarball no local data for tapable@https://registry.npmjs.org/tapable/-/tapable-2.2.1.tgz. Extracting by manifest.
727 silly tarball no local data for loader-runner@https://registry.npmjs.org/loader-runner/-/loader-runner-4.3.0.tgz. Extracting by manifest.
728 silly tarball no local data for @webassemblyjs/helper-numbers@https://registry.npmjs.org/@webassemblyjs/helper-numbers/-/helper-numbers-1.11.6.tgz. Extracting by manifest.
729 silly tarball no local data for mime-types@https://registry.npmjs.org/mime-types/-/mime-types-2.1.35.tgz. Extracting by manifest.
730 silly tarball no local data for json-parse-even-better-errors@https://registry.npmjs.org/json-parse-even-better-errors/-/json-parse-even-better-errors-2.3.1.tgz. Extracting by manifest.
731 silly tarball no local data for graceful-fs@https://registry.npmjs.org/graceful-fs/-/graceful-fs-4.2.11.tgz. Extracting by manifest.
732 silly tarball no local data for events@https://registry.npmjs.org/events/-/events-3.3.0.tgz. Extracting by manifest.
733 silly tarball no local data for es-module-lexer@https://registry.npmjs.org/es-module-lexer/-/es-module-lexer-1.5.4.tgz. Extracting by manifest.
734 silly tarball no local data for eslint-scope@https://registry.npmjs.org/eslint-scope/-/eslint-scope-5.1.1.tgz. Extracting by manifest.
735 silly tarball no local data for enhanced-resolve@https://registry.npmjs.org/enhanced-resolve/-/enhanced-resolve-5.17.1.tgz. Extracting by manifest.
736 silly tarball no local data for chrome-trace-event@https://registry.npmjs.org/chrome-trace-event/-/chrome-trace-event-1.0.4.tgz. Extracting by manifest.
737 silly tarball no local data for acorn-import-attributes@https://registry.npmjs.org/acorn-import-attributes/-/acorn-import-attributes-1.9.5.tgz. Extracting by manifest.
738 silly tarball no local data for browserslist@https://registry.npmjs.org/browserslist/-/browserslist-4.23.3.tgz. Extracting by manifest.
739 silly tarball no local data for acorn@https://registry.npmjs.org/acorn/-/acorn-8.12.1.tgz. Extracting by manifest.
740 silly tarball no local data for @webassemblyjs/wasm-parser@https://registry.npmjs.org/@webassemblyjs/wasm-parser/-/wasm-parser-1.12.1.tgz. Extracting by manifest.
741 silly tarball no local data for @webassemblyjs/wasm-edit@https://registry.npmjs.org/@webassemblyjs/wasm-edit/-/wasm-edit-1.12.1.tgz. Extracting by manifest.
742 silly tarball no local data for @webassemblyjs/ast@https://registry.npmjs.org/@webassemblyjs/ast/-/ast-1.12.1.tgz. Extracting by manifest.
743 silly tarball no local data for @types/estree@https://registry.npmjs.org/@types/estree/-/estree-1.0.5.tgz. Extracting by manifest.
744 silly tarball no local data for webpack-cli@https://registry.npmjs.org/webpack-cli/-/webpack-cli-5.1.4.tgz. Extracting by manifest.
745 silly tarball no local data for webpack@https://registry.npmjs.org/webpack/-/webpack-5.94.0.tgz. Extracting by manifest.
746 silly tarball no local data for estraverse@https://registry.npmjs.org/estraverse/-/estraverse-5.3.0.tgz. Extracting by manifest.
747 silly tarball no local data for commander@https://registry.npmjs.org/commander/-/commander-10.0.1.tgz. Extracting by manifest.
748 silly tarball no local data for glob-to-regexp@https://registry.npmjs.org/glob-to-regexp/-/glob-to-regexp-0.4.1.tgz. Extracting by manifest.
749 silly tarball no local data for neo-async@https://registry.npmjs.org/neo-async/-/neo-async-2.6.2.tgz. Extracting by manifest.
750 http fetch POST 200 https://registry.npmjs.org/-/npm/v1/security/advisories/bulk 886ms
751 silly audit report {}
752 http fetch GET 200 https://registry.npmjs.org/wildcard/-/wildcard-2.0.1.tgz 1403ms (cache miss)
753 http fetch GET 200 https://registry.npmjs.org/shallow-clone/-/shallow-clone-3.0.1.tgz 1547ms (cache miss)
754 http fetch GET 200 https://registry.npmjs.org/isobject/-/isobject-3.0.1.tgz 1557ms (cache miss)
755 http fetch GET 200 https://registry.npmjs.org/p-try/-/p-try-2.2.0.tgz 1614ms (cache miss)
756 http fetch GET 200 https://registry.npmjs.org/is-plain-object/-/is-plain-object-2.0.4.tgz 1689ms (cache miss)
757 http fetch GET 200 https://registry.npmjs.org/kind-of/-/kind-of-6.0.3.tgz 1697ms (cache miss)
758 http fetch GET 200 https://registry.npmjs.org/isexe/-/isexe-2.0.0.tgz 1709ms (cache miss)
759 http fetch GET 200 https://registry.npmjs.org/p-limit/-/p-limit-2.3.0.tgz 1663ms (cache miss)
760 http fetch GET 200 https://registry.npmjs.org/path-exists/-/path-exists-4.0.0.tgz 1666ms (cache miss)
761 http fetch GET 200 https://registry.npmjs.org/hasown/-/hasown-2.0.2.tgz 1716ms (cache miss)
762 http fetch GET 200 https://registry.npmjs.org/find-up/-/find-up-4.1.0.tgz 1703ms (cache miss)
763 http fetch GET 200 https://registry.npmjs.org/pkg-dir/-/pkg-dir-4.2.0.tgz 1698ms (cache miss)
764 http fetch GET 200 https://registry.npmjs.org/webpack-merge/-/webpack-merge-5.10.0.tgz 1692ms (cache miss)
765 http fetch GET 200 https://registry.npmjs.org/locate-path/-/locate-path-5.0.0.tgz 1761ms (cache miss)
766 http fetch GET 200 https://registry.npmjs.org/import-local/-/import-local-3.2.0.tgz 1727ms (cache miss)
767 http fetch GET 200 https://registry.npmjs.org/p-locate/-/p-locate-4.1.0.tgz 1781ms (cache miss)
768 http fetch GET 200 https://registry.npmjs.org/which/-/which-2.0.2.tgz 1766ms (cache miss)
769 http fetch GET 200 https://registry.npmjs.org/path-key/-/path-key-3.1.1.tgz 1753ms (cache miss)
770 http fetch GET 200 https://registry.npmjs.org/resolve-cwd/-/resolve-cwd-3.0.0.tgz 1774ms (cache miss)
771 http fetch GET 200 https://registry.npmjs.org/interpret/-/interpret-3.1.1.tgz 1751ms (cache miss)
772 http fetch GET 200 https://registry.npmjs.org/rechoir/-/rechoir-0.8.0.tgz 1755ms (cache miss)
773 http fetch GET 200 https://registry.npmjs.org/shebang-command/-/shebang-command-2.0.0.tgz 1813ms (cache miss)
774 http fetch GET 200 https://registry.npmjs.org/fastest-levenshtein/-/fastest-levenshtein-1.0.16.tgz 1806ms (cache miss)
775 http fetch GET 200 https://registry.npmjs.org/escalade/-/escalade-3.2.0.tgz 1793ms (cache miss)
776 http fetch GET 200 https://registry.npmjs.org/cross-spawn/-/cross-spawn-7.0.3.tgz 1836ms (cache miss)
777 http fetch GET 200 https://registry.npmjs.org/picocolors/-/picocolors-1.0.1.tgz 1888ms (cache miss)
778 http fetch GET 200 https://registry.npmjs.org/safe-buffer/-/safe-buffer-5.2.1.tgz 1883ms (cache miss)
779 http fetch GET 200 https://registry.npmjs.org/path-parse/-/path-parse-1.0.7.tgz 2111ms (cache miss)
780 http fetch GET 200 https://registry.npmjs.org/randombytes/-/randombytes-2.1.0.tgz 2026ms (cache miss)
781 http fetch GET 200 https://registry.npmjs.org/punycode/-/punycode-2.3.1.tgz 2175ms (cache miss)
782 http fetch GET 200 https://registry.npmjs.org/@webpack-cli/info/-/info-2.0.2.tgz 2181ms (cache miss)
783 http fetch GET 200 https://registry.npmjs.org/@webpack-cli/configtest/-/configtest-2.1.1.tgz 2197ms (cache miss)
784 http fetch GET 200 https://registry.npmjs.org/shebang-regex/-/shebang-regex-3.0.0.tgz 2285ms (cache miss)
785 http fetch GET 200 https://registry.npmjs.org/@webpack-cli/serve/-/serve-2.0.5.tgz 2611ms (cache miss)
786 http fetch GET 200 https://registry.npmjs.org/@jridgewell/set-array/-/set-array-1.2.1.tgz 2605ms (cache miss)
787 http fetch GET 200 https://registry.npmjs.org/buffer-from/-/buffer-from-1.1.2.tgz 2617ms (cache miss)
788 http fetch GET 200 https://registry.npmjs.org/serialize-javascript/-/serialize-javascript-6.0.2.tgz 2958ms (cache miss)
789 http fetch GET 200 https://registry.npmjs.org/has-flag/-/has-flag-4.0.0.tgz 2998ms (cache miss)
790 http fetch GET 200 https://registry.npmjs.org/resolve-from/-/resolve-from-5.0.0.tgz 3307ms (cache miss)
791 http fetch GET 200 https://registry.npmjs.org/clone-deep/-/clone-deep-4.0.1.tgz 3303ms (cache miss)
792 http fetch GET 200 https://registry.npmjs.org/@jridgewell/gen-mapping/-/gen-mapping-0.3.5.tgz 3222ms (cache miss)
793 http fetch GET 200 https://registry.npmjs.org/merge-stream/-/merge-stream-2.0.0.tgz 3385ms (cache miss)
794 http fetch GET 200 https://registry.npmjs.org/supports-color/-/supports-color-8.1.1.tgz 3391ms (cache miss)
795 http fetch GET 200 https://registry.npmjs.org/json-schema-traverse/-/json-schema-traverse-0.4.1.tgz 3574ms (cache miss)
796 http fetch GET 200 https://registry.npmjs.org/node-releases/-/node-releases-2.0.18.tgz 3723ms (cache miss)
797 http fetch GET 200 https://registry.npmjs.org/fast-deep-equal/-/fast-deep-equal-3.1.3.tgz 3736ms (cache miss)
798 http fetch GET 200 https://registry.npmjs.org/@types/json-schema/-/json-schema-7.0.15.tgz 3770ms (cache miss)
799 http fetch GET 200 https://registry.npmjs.org/envinfo/-/envinfo-7.13.0.tgz 3846ms (cache miss)
800 http fetch GET 200 https://registry.npmjs.org/update-browserslist-db/-/update-browserslist-db-1.1.0.tgz 3810ms (cache miss)
801 http fetch GET 200 https://registry.npmjs.org/commander/-/commander-2.20.3.tgz 3886ms (cache miss)
802 http fetch GET 200 https://registry.npmjs.org/esrecurse/-/esrecurse-4.3.0.tgz 3891ms (cache miss)
803 http fetch GET 200 https://registry.npmjs.org/flat/-/flat-5.0.2.tgz 4292ms (cache miss)
804 http fetch GET 200 https://registry.npmjs.org/@webassemblyjs/wasm-gen/-/wasm-gen-1.12.1.tgz 4125ms (cache miss)
805 http fetch GET 200 https://registry.npmjs.org/@webassemblyjs/utf8/-/utf8-1.11.6.tgz 4468ms (cache miss)
806 http fetch GET 200 https://registry.npmjs.org/@webassemblyjs/wast-printer/-/wast-printer-1.12.1.tgz 4462ms (cache miss)
807 http fetch GET 200 https://registry.npmjs.org/@webassemblyjs/ieee754/-/ieee754-1.11.6.tgz 4479ms (cache miss)
808 http fetch GET 200 https://registry.npmjs.org/@webassemblyjs/helper-api-error/-/helper-api-error-1.11.6.tgz 4477ms (cache miss)
809 http fetch GET 200 https://registry.npmjs.org/@webassemblyjs/helper-buffer/-/helper-buffer-1.12.1.tgz 4484ms (cache miss)
810 http fetch GET 200 https://registry.npmjs.org/watchpack/-/watchpack-2.4.2.tgz 4475ms (cache miss)
811 http fetch GET 200 https://registry.npmjs.org/loader-runner/-/loader-runner-4.3.0.tgz 4478ms (cache miss)
812 http fetch GET 200 https://registry.npmjs.org/colorette/-/colorette-2.0.20.tgz 4609ms (cache miss)
813 http fetch GET 200 https://registry.npmjs.org/source-map-support/-/source-map-support-0.5.21.tgz 4603ms (cache miss)
814 http fetch GET 200 https://registry.npmjs.org/@webassemblyjs/floating-point-hex-parser/-/floating-point-hex-parser-1.11.6.tgz 4520ms (cache miss)
815 http fetch GET 200 https://registry.npmjs.org/graceful-fs/-/graceful-fs-4.2.11.tgz 4519ms (cache miss)
816 http fetch GET 200 https://registry.npmjs.org/@webassemblyjs/helper-numbers/-/helper-numbers-1.11.6.tgz 4525ms (cache miss)
817 http fetch GET 200 https://registry.npmjs.org/@webassemblyjs/wasm-opt/-/wasm-opt-1.12.1.tgz 4603ms (cache miss)
818 http fetch GET 200 https://registry.npmjs.org/@webassemblyjs/helper-wasm-bytecode/-/helper-wasm-bytecode-1.11.6.tgz 4588ms (cache miss)
819 http fetch GET 200 https://registry.npmjs.org/estraverse/-/estraverse-5.3.0.tgz 4568ms (cache miss)
820 http fetch GET 200 https://registry.npmjs.org/@webassemblyjs/wasm-edit/-/wasm-edit-1.12.1.tgz 4592ms (cache miss)
821 http fetch GET 200 https://registry.npmjs.org/json-parse-even-better-errors/-/json-parse-even-better-errors-2.3.1.tgz 4648ms (cache miss)
822 http fetch GET 200 https://registry.npmjs.org/mime-types/-/mime-types-2.1.35.tgz 4651ms (cache miss)
823 http fetch GET 200 https://registry.npmjs.org/browserslist/-/browserslist-4.23.3.tgz 4639ms (cache miss)
824 http fetch GET 200 https://registry.npmjs.org/@xtuc/ieee754/-/ieee754-1.2.0.tgz 4716ms (cache miss)
825 http fetch GET 200 https://registry.npmjs.org/tapable/-/tapable-2.2.1.tgz 4673ms (cache miss)
826 http fetch GET 200 https://registry.npmjs.org/@types/estree/-/estree-1.0.5.tgz 4652ms (cache miss)
827 http fetch GET 200 https://registry.npmjs.org/chrome-trace-event/-/chrome-trace-event-1.0.4.tgz 4696ms (cache miss)
828 http fetch GET 200 https://registry.npmjs.org/estraverse/-/estraverse-4.3.0.tgz 4825ms (cache miss)
829 http fetch GET 200 https://registry.npmjs.org/supports-preserve-symlinks-flag/-/supports-preserve-symlinks-flag-1.0.0.tgz 4985ms (cache miss)
830 http fetch GET 200 https://registry.npmjs.org/glob-to-regexp/-/glob-to-regexp-0.4.1.tgz 4769ms (cache miss)
831 http fetch GET 200 https://registry.npmjs.org/is-core-module/-/is-core-module-2.15.1.tgz 5119ms (cache miss)
832 http fetch GET 200 https://registry.npmjs.org/acorn-import-attributes/-/acorn-import-attributes-1.9.5.tgz 5015ms (cache miss)
833 http fetch GET 200 https://registry.npmjs.org/@jridgewell/resolve-uri/-/resolve-uri-3.1.2.tgz 5113ms (cache miss)
834 http fetch GET 200 https://registry.npmjs.org/function-bind/-/function-bind-1.1.2.tgz 5295ms (cache miss)
835 http fetch GET 200 https://registry.npmjs.org/mime-db/-/mime-db-1.52.0.tgz 5190ms (cache miss)
836 http fetch GET 200 https://registry.npmjs.org/@webassemblyjs/helper-wasm-section/-/helper-wasm-section-1.12.1.tgz 5214ms (cache miss)
837 http fetch GET 200 https://registry.npmjs.org/@webassemblyjs/leb128/-/leb128-1.11.6.tgz 5251ms (cache miss)
838 http fetch GET 200 https://registry.npmjs.org/es-module-lexer/-/es-module-lexer-1.5.4.tgz 5234ms (cache miss)
839 http fetch GET 200 https://registry.npmjs.org/electron-to-chromium/-/electron-to-chromium-1.5.13.tgz 5313ms (cache miss)
840 http fetch GET 200 https://registry.npmjs.org/@webassemblyjs/wasm-parser/-/wasm-parser-1.12.1.tgz 5279ms (cache miss)
841 http fetch GET 200 https://registry.npmjs.org/@jridgewell/sourcemap-codec/-/sourcemap-codec-1.5.0.tgz 5385ms (cache miss)
842 http fetch GET 200 https://registry.npmjs.org/@xtuc/long/-/long-4.2.2.tgz 5320ms (cache miss)
843 http fetch GET 200 https://registry.npmjs.org/@discoveryjs/json-ext/-/json-ext-0.5.7.tgz 5460ms (cache miss)
844 http fetch GET 200 https://registry.npmjs.org/terser-webpack-plugin/-/terser-webpack-plugin-5.3.10.tgz 5383ms (cache miss)
845 http fetch GET 200 https://registry.npmjs.org/eslint-scope/-/eslint-scope-5.1.1.tgz 5409ms (cache miss)
846 http fetch GET 200 https://registry.npmjs.org/@jridgewell/source-map/-/source-map-0.3.6.tgz 5531ms (cache miss)
847 http fetch GET 200 https://registry.npmjs.org/@jridgewell/trace-mapping/-/trace-mapping-0.3.25.tgz 5579ms (cache miss)
848 http fetch GET 200 https://registry.npmjs.org/fast-json-stable-stringify/-/fast-json-stable-stringify-2.1.0.tgz 5599ms (cache miss)
849 http fetch GET 200 https://registry.npmjs.org/commander/-/commander-10.0.1.tgz 5496ms (cache miss)
850 http fetch GET 200 https://registry.npmjs.org/acorn/-/acorn-8.12.1.tgz 5614ms (cache miss)
851 http fetch GET 200 https://registry.npmjs.org/webpack-cli/-/webpack-cli-5.1.4.tgz 5623ms (cache miss)
852 http fetch GET 200 https://registry.npmjs.org/schema-utils/-/schema-utils-3.3.0.tgz 5667ms (cache miss)
853 http fetch GET 200 https://registry.npmjs.org/jest-worker/-/jest-worker-27.5.1.tgz 5901ms (cache miss)
854 http fetch GET 200 https://registry.npmjs.org/webpack-sources/-/webpack-sources-3.2.3.tgz 5998ms (cache miss)
855 http fetch GET 200 https://registry.npmjs.org/source-map/-/source-map-0.6.1.tgz 6217ms (cache miss)
856 http fetch GET 200 https://registry.npmjs.org/events/-/events-3.3.0.tgz 6130ms (cache miss)
857 http fetch GET 200 https://registry.npmjs.org/ajv-keywords/-/ajv-keywords-3.5.2.tgz 6200ms (cache miss)
858 http fetch GET 200 https://registry.npmjs.org/undici-types/-/undici-types-6.19.8.tgz 6671ms (cache miss)
859 http fetch GET 200 https://registry.npmjs.org/@webassemblyjs/ast/-/ast-1.12.1.tgz 6671ms (cache miss)
860 http fetch GET 200 https://registry.npmjs.org/uri-js/-/uri-js-4.4.1.tgz 6879ms (cache miss)
861 http fetch GET 200 https://registry.npmjs.org/enhanced-resolve/-/enhanced-resolve-5.17.1.tgz 6884ms (cache miss)
862 http fetch GET 200 https://registry.npmjs.org/terser/-/terser-5.31.6.tgz 7412ms (cache miss)
863 http fetch GET 200 https://registry.npmjs.org/@types/node/-/node-22.5.2.tgz 7666ms (cache miss)
864 http fetch GET 200 https://registry.npmjs.org/resolve/-/resolve-1.22.8.tgz 7763ms (cache miss)
865 http fetch GET 200 https://registry.npmjs.org/neo-async/-/neo-async-2.6.2.tgz 7573ms (cache miss)
866 http fetch GET 200 https://registry.npmjs.org/ajv/-/ajv-6.12.6.tgz 7698ms (cache miss)
867 http fetch GET 200 https://registry.npmjs.org/webpack/-/webpack-5.94.0.tgz 11539ms (cache miss)
868 http fetch GET 200 https://registry.npmjs.org/caniuse-lite/-/caniuse-lite-1.0.30001655.tgz 11913ms (cache miss)
869 silly ADD node_modules/isexe
870 silly ADD node_modules/isobject
871 silly ADD node_modules/shallow-clone
872 silly ADD node_modules/kind-of
873 silly ADD node_modules/is-plain-object
874 silly ADD node_modules/wildcard
875 silly ADD node_modules/flat
876 silly ADD node_modules/clone-deep
877 silly ADD node_modules/shebang-regex
878 silly ADD node_modules/resolve-from
879 silly ADD node_modules/function-bind
880 silly ADD node_modules/hasown
881 silly ADD node_modules/supports-preserve-symlinks-flag
882 silly ADD node_modules/path-parse
883 silly ADD node_modules/is-core-module
884 silly ADD node_modules/resolve
885 silly ADD node_modules/p-try
886 silly ADD node_modules/p-limit
887 silly ADD node_modules/p-locate
888 silly ADD node_modules/path-exists
889 silly ADD node_modules/locate-path
890 silly ADD node_modules/find-up
891 silly ADD node_modules/resolve-cwd
892 silly ADD node_modules/pkg-dir
893 silly ADD node_modules/which
894 silly ADD node_modules/shebang-command
895 silly ADD node_modules/path-key
896 silly ADD node_modules/webpack-merge
897 silly ADD node_modules/rechoir
898 silly ADD node_modules/interpret
899 silly ADD node_modules/import-local
900 silly ADD node_modules/fastest-levenshtein
901 silly ADD node_modules/envinfo
902 silly ADD node_modules/cross-spawn
903 silly ADD node_modules/colorette
904 silly ADD node_modules/@webpack-cli/serve
905 silly ADD node_modules/@webpack-cli/info
906 silly ADD node_modules/@webpack-cli/configtest
907 silly ADD node_modules/@discoveryjs/json-ext
908 silly ADD node_modules/punycode
909 silly ADD node_modules/picocolors
910 silly ADD node_modules/escalade
911 silly ADD node_modules/source-map
912 silly ADD node_modules/buffer-from
913 silly ADD node_modules/@jridgewell/set-array
914 silly ADD node_modules/@jridgewell/gen-mapping
915 silly ADD node_modules/source-map-support
916 silly ADD node_modules/commander
917 silly ADD node_modules/@jridgewell/source-map
918 silly ADD node_modules/has-flag
919 silly ADD node_modules/safe-buffer
920 silly ADD node_modules/randombytes
921 silly ADD node_modules/undici-types
922 silly ADD node_modules/supports-color
923 silly ADD node_modules/merge-stream
924 silly ADD node_modules/@types/node
925 silly ADD node_modules/@jridgewell/sourcemap-codec
926 silly ADD node_modules/@jridgewell/resolve-uri
927 silly ADD node_modules/terser
928 silly ADD node_modules/serialize-javascript
929 silly ADD node_modules/jest-worker
930 silly ADD node_modules/@jridgewell/trace-mapping
931 silly ADD node_modules/uri-js
932 silly ADD node_modules/json-schema-traverse
933 silly ADD node_modules/fast-json-stable-stringify
934 silly ADD node_modules/fast-deep-equal
935 silly ADD node_modules/ajv-keywords
936 silly ADD node_modules/ajv
937 silly ADD node_modules/@types/json-schema
938 silly ADD node_modules/mime-db
939 silly ADD node_modules/estraverse
940 silly ADD node_modules/esrecurse
941 silly ADD node_modules/esrecurse/node_modules/estraverse
942 silly ADD node_modules/update-browserslist-db
943 silly ADD node_modules/node-releases
944 silly ADD node_modules/electron-to-chromium
945 silly ADD node_modules/caniuse-lite
946 silly ADD node_modules/@xtuc/ieee754
947 silly ADD node_modules/@webassemblyjs/utf8
948 silly ADD node_modules/@webassemblyjs/leb128
949 silly ADD node_modules/@webassemblyjs/ieee754
950 silly ADD node_modules/@webassemblyjs/wast-printer
951 silly ADD node_modules/@webassemblyjs/wasm-opt
952 silly ADD node_modules/@webassemblyjs/wasm-gen
953 silly ADD node_modules/@webassemblyjs/helper-wasm-section
954 silly ADD node_modules/@webassemblyjs/helper-buffer
955 silly ADD node_modules/@xtuc/long
956 silly ADD node_modules/@webassemblyjs/helper-api-error
957 silly ADD node_modules/@webassemblyjs/floating-point-hex-parser
958 silly ADD node_modules/@webassemblyjs/helper-wasm-bytecode
959 silly ADD node_modules/@webassemblyjs/helper-numbers
960 silly ADD node_modules/webpack-sources
961 silly ADD node_modules/watchpack
962 silly ADD node_modules/terser-webpack-plugin
963 silly ADD node_modules/tapable
964 silly ADD node_modules/schema-utils
965 silly ADD node_modules/neo-async
966 silly ADD node_modules/mime-types
967 silly ADD node_modules/loader-runner
968 silly ADD node_modules/json-parse-even-better-errors
969 silly ADD node_modules/graceful-fs
970 silly ADD node_modules/glob-to-regexp
971 silly ADD node_modules/events
972 silly ADD node_modules/eslint-scope
973 silly ADD node_modules/es-module-lexer
974 silly ADD node_modules/enhanced-resolve
975 silly ADD node_modules/chrome-trace-event
976 silly ADD node_modules/browserslist
977 silly ADD node_modules/acorn-import-attributes
978 silly ADD node_modules/acorn
979 silly ADD node_modules/@webassemblyjs/wasm-parser
980 silly ADD node_modules/@webassemblyjs/wasm-edit
981 silly ADD node_modules/@webassemblyjs/ast
982 silly ADD node_modules/@types/estree
983 silly ADD node_modules/webpack-cli
984 silly ADD node_modules/webpack-cli/node_modules/commander
985 silly ADD node_modules/webpack
986 verbose cwd C:\Users\pauma\Desktop\ORT\4° Cuatrimestre\PNT2\Ejercicios\DOM
987 verbose os Windows_NT 10.0.22631
988 verbose node v20.5.1
989 verbose npm  v10.8.3
990 verbose exit 0
991 info ok
